Lmod has detected the following error: The following module(s) are unknown:
"gcc"

Please check the spelling or version number. Also try "module spider ..."
It is also possible your cache file is out-of-date; it may help to try:
  $ module --ignore-cache load "gcc"

Also make sure that all modulefiles written in TCL start with the string
#%Module



WARNING:Inference:Model is < 0 where data is not masked.
WARNING:Inference:Number of affected entries is 2. Sum of data in those entries is 3:
WARNING:Inference:Model is < 0 where data is not masked.
WARNING:Inference:Number of affected entries is 1. Sum of data in those entries is 3:
WARNING:Inference:Model is < 0 where data is not masked.
WARNING:Inference:Number of affected entries is 5. Sum of data in those entries is 8:
WARNING:Inference:Model is < 0 where data is not masked.
WARNING:Inference:Number of affected entries is 1. Sum of data in those entries is 3:
WARNING:Inference:Model is < 0 where data is not masked.
WARNING:Inference:Number of affected entries is 1. Sum of data in those entries is 3:
WARNING:Inference:Model is < 0 where data is not masked.
WARNING:Inference:Number of affected entries is 1. Sum of data in those entries is 3:
WARNING:Inference:Model is < 0 where data is not masked.
WARNING:Inference:Number of affected entries is 1. Sum of data in those entries is 3:
WARNING:Inference:Model is < 0 where data is not masked.
WARNING:Inference:Number of affected entries is 2. Sum of data in those entries is 3:
WARNING:Inference:Model is < 0 where data is not masked.
WARNING:Inference:Number of affected entries is 3. Sum of data in those entries is 6:
WARNING:Inference:Model is < 0 where data is not masked.
WARNING:Inference:Number of affected entries is 9. Sum of data in those entries is 10:
WARNING:Inference:Model is < 0 where data is not masked.
WARNING:Inference:Number of affected entries is 4. Sum of data in those entries is 1:
WARNING:Inference:Model is < 0 where data is not masked.
WARNING:Inference:Number of affected entries is 2. Sum of data in those entries is 5:
WARNING:Inference:Model is < 0 where data is not masked.
WARNING:Inference:Number of affected entries is 3. Sum of data in those entries is 5:
WARNING:Inference:Model is < 0 where data is not masked.
WARNING:Inference:Number of affected entries is 2. Sum of data in those entries is 3:
WARNING:Inference:Model is < 0 where data is not masked.
WARNING:Inference:Number of affected entries is 1. Sum of data in those entries is 3:
WARNING:Inference:Model is < 0 where data is not masked.
WARNING:Inference:Number of affected entries is 4. Sum of data in those entries is 6:
WARNING:Inference:Model is < 0 where data is not masked.
WARNING:Inference:Number of affected entries is 2. Sum of data in those entries is 3:
WARNING:Inference:Model is < 0 where data is not masked.
WARNING:Inference:Number of affected entries is 2. Sum of data in those entries is 3:
WARNING:Inference:Model is < 0 where data is not masked.
WARNING:Inference:Number of affected entries is 4. Sum of data in those entries is 9:
WARNING:Inference:Model is < 0 where data is not masked.
WARNING:Inference:Number of affected entries is 2. Sum of data in those entries is 3:
WARNING:Inference:Model is < 0 where data is not masked.
WARNING:Inference:Number of affected entries is 2. Sum of data in those entries is 3:
WARNING:Inference:Model is < 0 where data is not masked.
WARNING:Inference:Number of affected entries is 2. Sum of data in those entries is 3:
WARNING:Inference:Model is < 0 where data is not masked.
WARNING:Inference:Number of affected entries is 5. Sum of data in those entries is 9:
WARNING:Inference:Model is < 0 where data is not masked.
WARNING:Inference:Number of affected entries is 1. Sum of data in those entries is 1:
WARNING:Inference:Model is < 0 where data is not masked.
WARNING:Inference:Number of affected entries is 1. Sum of data in those entries is 3:
WARNING:Inference:Model is < 0 where data is not masked.
WARNING:Inference:Number of affected entries is 2. Sum of data in those entries is 4:
WARNING:Inference:Model is < 0 where data is not masked.
WARNING:Inference:Number of affected entries is 2. Sum of data in those entries is 3:
WARNING:Inference:Model is < 0 where data is not masked.
WARNING:Inference:Number of affected entries is 1. Sum of data in those entries is 3:
WARNING:Inference:Model is < 0 where data is not masked.
WARNING:Inference:Number of affected entries is 3. Sum of data in those entries is 4:
WARNING:Inference:Model is < 0 where data is not masked.
WARNING:Inference:Number of affected entries is 4. Sum of data in those entries is 4:
WARNING:Inference:Model is < 0 where data is not masked.
WARNING:Inference:Number of affected entries is 2. Sum of data in those entries is 3:
WARNING:Inference:Model is < 0 where data is not masked.
WARNING:Inference:Number of affected entries is 1. Sum of data in those entries is 3:
WARNING:Inference:Model is < 0 where data is not masked.
WARNING:Inference:Number of affected entries is 3. Sum of data in those entries is 4:
WARNING:Inference:Model is < 0 where data is not masked.
WARNING:Inference:Number of affected entries is 2. Sum of data in those entries is 4:
WARNING:Inference:Model is < 0 where data is not masked.
WARNING:Inference:Number of affected entries is 1. Sum of data in those entries is 3:
WARNING:Inference:Model is < 0 where data is not masked.
WARNING:Inference:Number of affected entries is 2. Sum of data in those entries is 1:
WARNING:Inference:Model is < 0 where data is not masked.
WARNING:Inference:Number of affected entries is 7. Sum of data in those entries is 3:
WARNING:Inference:Model is < 0 where data is not masked.
WARNING:Inference:Number of affected entries is 2. Sum of data in those entries is 3:
WARNING:Inference:Model is < 0 where data is not masked.
WARNING:Inference:Number of affected entries is 1. Sum of data in those entries is 1:
WARNING:Inference:Model is < 0 where data is not masked.
WARNING:Inference:Number of affected entries is 1. Sum of data in those entries is 4:
WARNING:Inference:Model is < 0 where data is not masked.
WARNING:Inference:Number of affected entries is 2. Sum of data in those entries is 3:
WARNING:Inference:Model is < 0 where data is not masked.
WARNING:Inference:Number of affected entries is 1. Sum of data in those entries is 3:
WARNING:Inference:Model is < 0 where data is not masked.
WARNING:Inference:Number of affected entries is 2. Sum of data in those entries is 3:
WARNING:Inference:Model is < 0 where data is not masked.
WARNING:Inference:Number of affected entries is 2. Sum of data in those entries is 3:
WARNING:Inference:Model is < 0 where data is not masked.
WARNING:Inference:Number of affected entries is 1. Sum of data in those entries is 3:
WARNING:Inference:Model is < 0 where data is not masked.
WARNING:Inference:Number of affected entries is 2. Sum of data in those entries is 5:
WARNING:Inference:Model is < 0 where data is not masked.
WARNING:Inference:Number of affected entries is 2. Sum of data in those entries is 3:
WARNING:Inference:Model is < 0 where data is not masked.
WARNING:Inference:Number of affected entries is 3. Sum of data in those entries is 4:
WARNING:Inference:Model is < 0 where data is not masked.
WARNING:Inference:Number of affected entries is 4. Sum of data in those entries is 1:
WARNING:Inference:Model is < 0 where data is not masked.
WARNING:Inference:Number of affected entries is 1. Sum of data in those entries is 4:
WARNING:Inference:Model is < 0 where data is not masked.
WARNING:Inference:Number of affected entries is 2. Sum of data in those entries is 3:
WARNING:Inference:Model is < 0 where data is not masked.
WARNING:Inference:Number of affected entries is 1. Sum of data in those entries is 1:
WARNING:Inference:Model is < 0 where data is not masked.
WARNING:Inference:Number of affected entries is 1. Sum of data in those entries is 1:
WARNING:Inference:Model is < 0 where data is not masked.
WARNING:Inference:Number of affected entries is 1. Sum of data in those entries is 1:
WARNING:Inference:Model is < 0 where data is not masked.
WARNING:Inference:Number of affected entries is 2. Sum of data in those entries is 5:
WARNING:Inference:Model is < 0 where data is not masked.
WARNING:Inference:Number of affected entries is 1. Sum of data in those entries is 3:
WARNING:Inference:Model is < 0 where data is not masked.
WARNING:Inference:Number of affected entries is 5. Sum of data in those entries is 2:
WARNING:Inference:Model is < 0 where data is not masked.
WARNING:Inference:Number of affected entries is 4. Sum of data in those entries is 8:
WARNING:Inference:Model is < 0 where data is not masked.
WARNING:Inference:Number of affected entries is 1. Sum of data in those entries is 4:
WARNING:Inference:Model is < 0 where data is not masked.
WARNING:Inference:Number of affected entries is 1. Sum of data in those entries is 4:
WARNING:Inference:Model is < 0 where data is not masked.
WARNING:Inference:Number of affected entries is 2. Sum of data in those entries is 5:
WARNING:Inference:Model is < 0 where data is not masked.
WARNING:Inference:Number of affected entries is 1. Sum of data in those entries is 4:
WARNING:Inference:Model is < 0 where data is not masked.
WARNING:Inference:Number of affected entries is 1. Sum of data in those entries is 4:
WARNING:Inference:Model is < 0 where data is not masked.
WARNING:Inference:Number of affected entries is 1. Sum of data in those entries is 3:
WARNING:Inference:Model is < 0 where data is not masked.
WARNING:Inference:Number of affected entries is 2. Sum of data in those entries is 5:
WARNING:Inference:Model is < 0 where data is not masked.
WARNING:Inference:Number of affected entries is 2. Sum of data in those entries is 5:
WARNING:Inference:Model is < 0 where data is not masked.
WARNING:Inference:Number of affected entries is 1. Sum of data in those entries is 3:
WARNING:Inference:Model is < 0 where data is not masked.
WARNING:Inference:Number of affected entries is 1. Sum of data in those entries is 1:
WARNING:Inference:Model is < 0 where data is not masked.
WARNING:Inference:Number of affected entries is 2. Sum of data in those entries is 5:
WARNING:Inference:Model is < 0 where data is not masked.
WARNING:Inference:Number of affected entries is 1. Sum of data in those entries is 1:
WARNING:Inference:Model is < 0 where data is not masked.
WARNING:Inference:Number of affected entries is 1. Sum of data in those entries is 4:
WARNING:Inference:Model is < 0 where data is not masked.
WARNING:Inference:Number of affected entries is 1. Sum of data in those entries is 1:
WARNING:Inference:Model is < 0 where data is not masked.
WARNING:Inference:Number of affected entries is 2. Sum of data in those entries is 5:
WARNING:Inference:Model is < 0 where data is not masked.
WARNING:Inference:Number of affected entries is 1. Sum of data in those entries is 3:
WARNING:Inference:Model is < 0 where data is not masked.
WARNING:Inference:Number of affected entries is 1. Sum of data in those entries is 4:
WARNING:Inference:Model is < 0 where data is not masked.
WARNING:Inference:Number of affected entries is 1. Sum of data in those entries is 1:
WARNING:Inference:Model is < 0 where data is not masked.
WARNING:Inference:Number of affected entries is 1. Sum of data in those entries is 4:
WARNING:Inference:Model is < 0 where data is not masked.
WARNING:Inference:Number of affected entries is 1. Sum of data in those entries is 4:
WARNING:Inference:Model is < 0 where data is not masked.
WARNING:Inference:Number of affected entries is 1. Sum of data in those entries is 4:
WARNING:Inference:Model is < 0 where data is not masked.
WARNING:Inference:Number of affected entries is 1. Sum of data in those entries is 4:
WARNING:Inference:Model is < 0 where data is not masked.
WARNING:Inference:Number of affected entries is 1. Sum of data in those entries is 3:
WARNING:Inference:Model is < 0 where data is not masked.
WARNING:Inference:Number of affected entries is 1. Sum of data in those entries is 1:
WARNING:Inference:Model is < 0 where data is not masked.
WARNING:Inference:Number of affected entries is 1. Sum of data in those entries is 4:
WARNING:Inference:Model is < 0 where data is not masked.
WARNING:Inference:Number of affected entries is 2. Sum of data in those entries is 5:
WARNING:Inference:Model is < 0 where data is not masked.
WARNING:Inference:Number of affected entries is 1. Sum of data in those entries is 1:
WARNING:Inference:Model is < 0 where data is not masked.
WARNING:Inference:Number of affected entries is 1. Sum of data in those entries is 4:
WARNING:Inference:Model is < 0 where data is not masked.
WARNING:Inference:Number of affected entries is 1. Sum of data in those entries is 1:
WARNING:Inference:Model is < 0 where data is not masked.
WARNING:Inference:Number of affected entries is 1. Sum of data in those entries is 4:
WARNING:Inference:Model is < 0 where data is not masked.
WARNING:Inference:Number of affected entries is 1. Sum of data in those entries is 4:
WARNING:Inference:Model is < 0 where data is not masked.
WARNING:Inference:Number of affected entries is 1. Sum of data in those entries is 3:
WARNING:Inference:Model is < 0 where data is not masked.
WARNING:Inference:Number of affected entries is 1. Sum of data in those entries is 1:
WARNING:Inference:Model is < 0 where data is not masked.
WARNING:Inference:Number of affected entries is 1. Sum of data in those entries is 4:
WARNING:Inference:Model is < 0 where data is not masked.
WARNING:Inference:Number of affected entries is 2. Sum of data in those entries is 5:
WARNING:Inference:Model is < 0 where data is not masked.
WARNING:Inference:Number of affected entries is 1. Sum of data in those entries is 3:
WARNING:Inference:Model is < 0 where data is not masked.
WARNING:Inference:Number of affected entries is 1. Sum of data in those entries is 1:
WARNING:Inference:Model is < 0 where data is not masked.
WARNING:Inference:Number of affected entries is 1. Sum of data in those entries is 4:
WARNING:Inference:Model is < 0 where data is not masked.
WARNING:Inference:Number of affected entries is 1. Sum of data in those entries is 3:
WARNING:Inference:Model is < 0 where data is not masked.
WARNING:Inference:Number of affected entries is 1. Sum of data in those entries is 1:
WARNING:Inference:Model is < 0 where data is not masked.
WARNING:Inference:Number of affected entries is 9. Sum of data in those entries is 2:
WARNING:Inference:Model is < 0 where data is not masked.
WARNING:Inference:Number of affected entries is 1. Sum of data in those entries is 4:
WARNING:Inference:Model is < 0 where data is not masked.
WARNING:Inference:Number of affected entries is 1. Sum of data in those entries is 1:
WARNING:Inference:Model is < 0 where data is not masked.
WARNING:Inference:Number of affected entries is 1. Sum of data in those entries is 4:
WARNING:Inference:Model is < 0 where data is not masked.
WARNING:Inference:Number of affected entries is 1. Sum of data in those entries is 3:
WARNING:Inference:Model is < 0 where data is not masked.
WARNING:Inference:Number of affected entries is 1. Sum of data in those entries is 4:
WARNING:Inference:Model is < 0 where data is not masked.
WARNING:Inference:Number of affected entries is 2. Sum of data in those entries is 5:
WARNING:Inference:Model is < 0 where data is not masked.
WARNING:Inference:Number of affected entries is 1. Sum of data in those entries is 4:
WARNING:Inference:Model is < 0 where data is not masked.
WARNING:Inference:Number of affected entries is 2. Sum of data in those entries is 5:
WARNING:Inference:Model is < 0 where data is not masked.
WARNING:Inference:Number of affected entries is 2. Sum of data in those entries is 5:
WARNING:Inference:Model is < 0 where data is not masked.
WARNING:Inference:Number of affected entries is 2. Sum of data in those entries is 5:
WARNING:Inference:Model is < 0 where data is not masked.
WARNING:Inference:Number of affected entries is 2. Sum of data in those entries is 5:
WARNING:Inference:Model is < 0 where data is not masked.
WARNING:Inference:Number of affected entries is 2. Sum of data in those entries is 5:
WARNING:Inference:Model is < 0 where data is not masked.
WARNING:Inference:Number of affected entries is 2. Sum of data in those entries is 5:
WARNING:Inference:Model is < 0 where data is not masked.
WARNING:Inference:Number of affected entries is 1. Sum of data in those entries is 1:
WARNING:Inference:Model is < 0 where data is not masked.
WARNING:Inference:Number of affected entries is 2. Sum of data in those entries is 5:
WARNING:Inference:Model is < 0 where data is not masked.
WARNING:Inference:Number of affected entries is 1. Sum of data in those entries is 1:
WARNING:Inference:Model is < 0 where data is not masked.
WARNING:Inference:Number of affected entries is 1. Sum of data in those entries is 1:
WARNING:Inference:Model is < 0 where data is not masked.
WARNING:Inference:Number of affected entries is 1. Sum of data in those entries is 1:
WARNING:Inference:Model is < 0 where data is not masked.
WARNING:Inference:Number of affected entries is 1. Sum of data in those entries is 1:
WARNING:Inference:Model is < 0 where data is not masked.
WARNING:Inference:Number of affected entries is 1. Sum of data in those entries is 1:
WARNING:Inference:Model is < 0 where data is not masked.
WARNING:Inference:Number of affected entries is 2. Sum of data in those entries is 5:
WARNING:Inference:Model is < 0 where data is not masked.
WARNING:Inference:Number of affected entries is 2. Sum of data in those entries is 5:
WARNING:Inference:Model is < 0 where data is not masked.
WARNING:Inference:Number of affected entries is 1. Sum of data in those entries is 4:
WARNING:Inference:Model is < 0 where data is not masked.
WARNING:Inference:Number of affected entries is 2. Sum of data in those entries is 5:
WARNING:Inference:Model is < 0 where data is not masked.
WARNING:Inference:Number of affected entries is 2. Sum of data in those entries is 5:
WARNING:Inference:Model is < 0 where data is not masked.
WARNING:Inference:Number of affected entries is 11. Sum of data in those entries is 1:
WARNING:Inference:Model is < 0 where data is not masked.
WARNING:Inference:Number of affected entries is 2. Sum of data in those entries is 5:
WARNING:Inference:Model is < 0 where data is not masked.
WARNING:Inference:Number of affected entries is 2. Sum of data in those entries is 5:
WARNING:Inference:Model is < 0 where data is not masked.
WARNING:Inference:Number of affected entries is 2. Sum of data in those entries is 5:
WARNING:Inference:Model is < 0 where data is not masked.
WARNING:Inference:Number of affected entries is 2. Sum of data in those entries is 5:
WARNING:Inference:Model is < 0 where data is not masked.
WARNING:Inference:Number of affected entries is 2. Sum of data in those entries is 5:
WARNING:Inference:Model is < 0 where data is not masked.
WARNING:Inference:Number of affected entries is 2. Sum of data in those entries is 5:
WARNING:Inference:Model is < 0 where data is not masked.
WARNING:Inference:Number of affected entries is 1. Sum of data in those entries is 4:
WARNING:Inference:Model is < 0 where data is not masked.
WARNING:Inference:Number of affected entries is 2. Sum of data in those entries is 5:
WARNING:Inference:Model is < 0 where data is not masked.
WARNING:Inference:Number of affected entries is 2. Sum of data in those entries is 5:
WARNING:Inference:Model is < 0 where data is not masked.
WARNING:Inference:Number of affected entries is 2. Sum of data in those entries is 5:
WARNING:Inference:Model is < 0 where data is not masked.
WARNING:Inference:Number of affected entries is 1. Sum of data in those entries is 3:
WARNING:Inference:Model is < 0 where data is not masked.
WARNING:Inference:Number of affected entries is 1. Sum of data in those entries is 1:
WARNING:Inference:Model is < 0 where data is not masked.
WARNING:Inference:Number of affected entries is 2. Sum of data in those entries is 5:
WARNING:Inference:Model is < 0 where data is not masked.
WARNING:Inference:Number of affected entries is 1. Sum of data in those entries is 1:
WARNING:Inference:Model is < 0 where data is not masked.
WARNING:Inference:Number of affected entries is 2. Sum of data in those entries is 5:
WARNING:Inference:Model is < 0 where data is not masked.
WARNING:Inference:Number of affected entries is 1. Sum of data in those entries is 1:
WARNING:Inference:Model is < 0 where data is not masked.
WARNING:Inference:Number of affected entries is 2. Sum of data in those entries is 5:
WARNING:Inference:Model is < 0 where data is not masked.
WARNING:Inference:Number of affected entries is 2. Sum of data in those entries is 5:
WARNING:Inference:Model is < 0 where data is not masked.
WARNING:Inference:Number of affected entries is 2. Sum of data in those entries is 5:
WARNING:Inference:Model is < 0 where data is not masked.
WARNING:Inference:Number of affected entries is 2. Sum of data in those entries is 5:
WARNING:Inference:Model is < 0 where data is not masked.
WARNING:Inference:Number of affected entries is 1. Sum of data in those entries is 4:
WARNING:Inference:Model is < 0 where data is not masked.
WARNING:Inference:Number of affected entries is 2. Sum of data in those entries is 5:
WARNING:Inference:Model is < 0 where data is not masked.
WARNING:Inference:Number of affected entries is 2. Sum of data in those entries is 5:
WARNING:Inference:Model is < 0 where data is not masked.
WARNING:Inference:Number of affected entries is 2. Sum of data in those entries is 5:
WARNING:Inference:Model is < 0 where data is not masked.
WARNING:Inference:Number of affected entries is 2. Sum of data in those entries is 5:
WARNING:Inference:Model is < 0 where data is not masked.
WARNING:Inference:Number of affected entries is 1. Sum of data in those entries is 4:
WARNING:Inference:Model is < 0 where data is not masked.
WARNING:Inference:Number of affected entries is 1. Sum of data in those entries is 1:
WARNING:Inference:Model is < 0 where data is not masked.
WARNING:Inference:Number of affected entries is 1. Sum of data in those entries is 4:
WARNING:Inference:Model is < 0 where data is not masked.
WARNING:Inference:Number of affected entries is 1. Sum of data in those entries is 1:
WARNING:Inference:Model is < 0 where data is not masked.
WARNING:Inference:Number of affected entries is 1. Sum of data in those entries is 1:
WARNING:Inference:Model is < 0 where data is not masked.
WARNING:Inference:Number of affected entries is 2. Sum of data in those entries is 5:
WARNING:Inference:Model is < 0 where data is not masked.
WARNING:Inference:Number of affected entries is 1. Sum of data in those entries is 4:
WARNING:Inference:Model is < 0 where data is not masked.
WARNING:Inference:Number of affected entries is 1. Sum of data in those entries is 1:
WARNING:Inference:Model is < 0 where data is not masked.
WARNING:Inference:Number of affected entries is 1. Sum of data in those entries is 4:
WARNING:Inference:Model is < 0 where data is not masked.
WARNING:Inference:Number of affected entries is 2. Sum of data in those entries is 5:
WARNING:Inference:Model is < 0 where data is not masked.
WARNING:Inference:Number of affected entries is 2. Sum of data in those entries is 5:
WARNING:Inference:Model is < 0 where data is not masked.
WARNING:Inference:Number of affected entries is 2. Sum of data in those entries is 5:
WARNING:Inference:Model is < 0 where data is not masked.
WARNING:Inference:Number of affected entries is 2. Sum of data in those entries is 5:
WARNING:Inference:Model is < 0 where data is not masked.
WARNING:Inference:Number of affected entries is 1. Sum of data in those entries is 4:
WARNING:Inference:Model is < 0 where data is not masked.
WARNING:Inference:Number of affected entries is 2. Sum of data in those entries is 5:
WARNING:Inference:Model is < 0 where data is not masked.
WARNING:Inference:Number of affected entries is 2. Sum of data in those entries is 5:
WARNING:Inference:Model is < 0 where data is not masked.
WARNING:Inference:Number of affected entries is 1. Sum of data in those entries is 1:
WARNING:Inference:Model is < 0 where data is not masked.
WARNING:Inference:Number of affected entries is 1. Sum of data in those entries is 4:
WARNING:Inference:Model is < 0 where data is not masked.
WARNING:Inference:Number of affected entries is 1. Sum of data in those entries is 4:
WARNING:Inference:Model is < 0 where data is not masked.
WARNING:Inference:Number of affected entries is 1. Sum of data in those entries is 1:
WARNING:Inference:Model is < 0 where data is not masked.
WARNING:Inference:Number of affected entries is 2. Sum of data in those entries is 5:
WARNING:Inference:Model is < 0 where data is not masked.
WARNING:Inference:Number of affected entries is 1. Sum of data in those entries is 4:
WARNING:Inference:Model is < 0 where data is not masked.
WARNING:Inference:Number of affected entries is 2. Sum of data in those entries is 5:
WARNING:Inference:Model is < 0 where data is not masked.
WARNING:Inference:Number of affected entries is 2. Sum of data in those entries is 5:
WARNING:Inference:Model is < 0 where data is not masked.
WARNING:Inference:Number of affected entries is 1. Sum of data in those entries is 4:
WARNING:Inference:Model is < 0 where data is not masked.
WARNING:Inference:Number of affected entries is 1. Sum of data in those entries is 4:
WARNING:Inference:Model is < 0 where data is not masked.
WARNING:Inference:Number of affected entries is 2. Sum of data in those entries is 5:
WARNING:Inference:Model is < 0 where data is not masked.
WARNING:Inference:Number of affected entries is 1. Sum of data in those entries is 4:
WARNING:Inference:Model is < 0 where data is not masked.
WARNING:Inference:Number of affected entries is 2. Sum of data in those entries is 5:
WARNING:Inference:Model is < 0 where data is not masked.
WARNING:Inference:Number of affected entries is 6. Sum of data in those entries is 2:
WARNING:Inference:Model is < 0 where data is not masked.
WARNING:Inference:Number of affected entries is 6. Sum of data in those entries is 2:
WARNING:Inference:Model is < 0 where data is not masked.
WARNING:Inference:Number of affected entries is 92. Sum of data in those entries is 53:
WARNING:Inference:Model is < 0 where data is not masked.
WARNING:Inference:Number of affected entries is 5. Sum of data in those entries is 1:
WARNING:Inference:Model is < 0 where data is not masked.
WARNING:Inference:Number of affected entries is 5. Sum of data in those entries is 1:
WARNING:Inference:Model is < 0 where data is not masked.
WARNING:Inference:Number of affected entries is 11. Sum of data in those entries is 2:
WARNING:Inference:Model is < 0 where data is not masked.
WARNING:Inference:Number of affected entries is 2. Sum of data in those entries is 1:
WARNING:Inference:Model is < 0 where data is not masked.
WARNING:Inference:Number of affected entries is 9. Sum of data in those entries is 2:
WARNING:Inference:Model is < 0 where data is not masked.
WARNING:Inference:Number of affected entries is 4. Sum of data in those entries is 1:
WARNING:Inference:Model is < 0 where data is not masked.
WARNING:Inference:Number of affected entries is 7. Sum of data in those entries is 3:
WARNING:Inference:Model is < 0 where data is not masked.
WARNING:Inference:Number of affected entries is 6. Sum of data in those entries is 2:
WARNING:Inference:Model is < 0 where data is not masked.
WARNING:Inference:Number of affected entries is 6. Sum of data in those entries is 2:
WARNING:Inference:Model is < 0 where data is not masked.
WARNING:Inference:Number of affected entries is 1. Sum of data in those entries is 10:
WARNING:Inference:Model is < 0 where data is not masked.
WARNING:Inference:Number of affected entries is 6. Sum of data in those entries is 2:
WARNING:Inference:Model is < 0 where data is not masked.
WARNING:Inference:Number of affected entries is 1. Sum of data in those entries is 3:
WARNING:Inference:Model is < 0 where data is not masked.
WARNING:Inference:Number of affected entries is 2. Sum of data in those entries is 1:
WARNING:Inference:Model is < 0 where data is not masked.
WARNING:Inference:Number of affected entries is 6. Sum of data in those entries is 2:
WARNING:Inference:Model is < 0 where data is not masked.
WARNING:Inference:Number of affected entries is 7. Sum of data in those entries is 3:
WARNING:Inference:Model is < 0 where data is not masked.
WARNING:Inference:Number of affected entries is 7. Sum of data in those entries is 3:
WARNING:Inference:Model is < 0 where data is not masked.
WARNING:Inference:Number of affected entries is 16. Sum of data in those entries is 6:
WARNING:Inference:Model is < 0 where data is not masked.
WARNING:Inference:Number of affected entries is 11. Sum of data in those entries is 3:
WARNING:Inference:Model is < 0 where data is not masked.
WARNING:Inference:Number of affected entries is 4. Sum of data in those entries is 2:
WARNING:Inference:Model is < 0 where data is not masked.
WARNING:Inference:Number of affected entries is 6. Sum of data in those entries is 2:
WARNING:Inference:Model is < 0 where data is not masked.
WARNING:Inference:Number of affected entries is 6. Sum of data in those entries is 2:
WARNING:Inference:Model is < 0 where data is not masked.
WARNING:Inference:Number of affected entries is 6. Sum of data in those entries is 2:
WARNING:Inference:Model is < 0 where data is not masked.
WARNING:Inference:Number of affected entries is 5. Sum of data in those entries is 1:
WARNING:Inference:Model is < 0 where data is not masked.
WARNING:Inference:Number of affected entries is 6. Sum of data in those entries is 2:
WARNING:Inference:Model is < 0 where data is not masked.
WARNING:Inference:Number of affected entries is 6. Sum of data in those entries is 2:
WARNING:Inference:Model is < 0 where data is not masked.
WARNING:Inference:Number of affected entries is 4. Sum of data in those entries is 1:
WARNING:Inference:Model is < 0 where data is not masked.
WARNING:Inference:Number of affected entries is 6. Sum of data in those entries is 2:
WARNING:Inference:Model is < 0 where data is not masked.
WARNING:Inference:Number of affected entries is 2. Sum of data in those entries is 4:
WARNING:Inference:Model is < 0 where data is not masked.
WARNING:Inference:Number of affected entries is 19. Sum of data in those entries is 1:
Feb 17 18:30:31.274989 61836 slurmstepd   0x2b8af352a700: error: *** JOB 6523911 ON r1u37n2 CANCELLED AT 2023-02-17T18:30:31 DUE TO TIME LIMIT ***
