Lmod has detected the following error: The following module(s) are unknown:
"gcc"

Please check the spelling or version number. Also try "module spider ..."
It is also possible your cache file is out-of-date; it may help to try:
  $ module --ignore-cache load "gcc"

Also make sure that all modulefiles written in TCL start with the string
#%Module



WARNING:Inference:Model is < 0 where data is not masked.
WARNING:Inference:Number of affected entries is 60. Sum of data in those entries is 1:
WARNING:Inference:Model is < 0 where data is not masked.
WARNING:Inference:Number of affected entries is 103. Sum of data in those entries is 1:
WARNING:Inference:Model is < 0 where data is not masked.
WARNING:Inference:Number of affected entries is 9. Sum of data in those entries is 1:
WARNING:Inference:Model is < 0 where data is not masked.
WARNING:Inference:Number of affected entries is 113. Sum of data in those entries is 2:
WARNING:Inference:Model is < 0 where data is not masked.
WARNING:Inference:Number of affected entries is 68. Sum of data in those entries is 1:
WARNING:Inference:Model is < 0 where data is not masked.
WARNING:Inference:Number of affected entries is 60. Sum of data in those entries is 1:
WARNING:Inference:Model is < 0 where data is not masked.
WARNING:Inference:Number of affected entries is 68. Sum of data in those entries is 1:
WARNING:Inference:Model is < 0 where data is not masked.
WARNING:Inference:Number of affected entries is 61. Sum of data in those entries is 1:
WARNING:Inference:Model is < 0 where data is not masked.
WARNING:Inference:Number of affected entries is 60. Sum of data in those entries is 1:
WARNING:Inference:Model is < 0 where data is not masked.
WARNING:Inference:Number of affected entries is 84. Sum of data in those entries is 1:
WARNING:Inference:Model is < 0 where data is not masked.
WARNING:Inference:Number of affected entries is 69. Sum of data in those entries is 1:
WARNING:Inference:Model is < 0 where data is not masked.
WARNING:Inference:Number of affected entries is 57. Sum of data in those entries is 1:
WARNING:Inference:Model is < 0 where data is not masked.
WARNING:Inference:Number of affected entries is 73. Sum of data in those entries is 1:
WARNING:Inference:Model is < 0 where data is not masked.
WARNING:Inference:Number of affected entries is 42. Sum of data in those entries is 1:
Feb 14 16:36:36.85406  33012 slurmstepd   0x2ac5c324f700: error: *** JOB 6512232 ON r6u22n2 CANCELLED AT 2023-02-14T16:36:36 ***
