Wed Feb 15 18:28:02 MST 2023
running fs 26
No convergence
No convergence
No convergence
No convergence
No convergence
No convergence
No convergence
No convergence
No convergence
No convergence
No convergence
No convergence
No convergence
No convergence
No convergence
No convergence
No convergence
No convergence
No convergence
No convergence
No convergence
No convergence
No convergence
No convergence
No convergence
No convergence
No convergence
No convergence
Converged
WARNING: The converged parameters are close to the boundaries
Detailed performance metrics for this job will be available at https://metrics.hpc.arizona.edu/#job_viewer?action=show&realm=SUPREMM&resource_id=73&local_job_id=6517740 by 8am on 2023/02/17.
