Lmod has detected the following error: The following module(s) are unknown:
"gcc"

Please check the spelling or version number. Also try "module spider ..."
It is also possible your cache file is out-of-date; it may help to try:
  $ module --ignore-cache load "gcc"

Also make sure that all modulefiles written in TCL start with the string
#%Module



WARNING:Inference:Model is < 0 where data is not masked.
WARNING:Inference:Number of affected entries is 2440. Sum of data in those entries is 9:
WARNING:Inference:Model is < 0 where data is not masked.
WARNING:Inference:Number of affected entries is 1589. Sum of data in those entries is 9:
WARNING:Inference:Model is < 0 where data is not masked.
WARNING:Inference:Number of affected entries is 1171. Sum of data in those entries is 3:
WARNING:Inference:Model is < 0 where data is not masked.
WARNING:Inference:Number of affected entries is 4109. Sum of data in those entries is 478:
WARNING:Inference:Model is < 0 where data is not masked.
WARNING:Inference:Number of affected entries is 4268. Sum of data in those entries is 791:
WARNING:Inference:Model is < 0 where data is not masked.
WARNING:Inference:Number of affected entries is 2777. Sum of data in those entries is 18:
WARNING:Inference:Model is < 0 where data is not masked.
WARNING:Inference:Number of affected entries is 3977. Sum of data in those entries is 427:
WARNING:Inference:Model is < 0 where data is not masked.
WARNING:Inference:Number of affected entries is 1365. Sum of data in those entries is 4:
WARNING:Inference:Model is < 0 where data is not masked.
WARNING:Inference:Number of affected entries is 2375. Sum of data in those entries is 65:
WARNING:Inference:Model is < 0 where data is not masked.
WARNING:Inference:Number of affected entries is 2503. Sum of data in those entries is 10:
WARNING:Inference:Model is < 0 where data is not masked.
WARNING:Inference:Number of affected entries is 4503. Sum of data in those entries is 946:
WARNING:Inference:Model is < 0 where data is not masked.
WARNING:Inference:Number of affected entries is 4361. Sum of data in those entries is 778:
WARNING:Inference:Model is < 0 where data is not masked.
WARNING:Inference:Number of affected entries is 2652. Sum of data in those entries is 21:
WARNING:Inference:Model is < 0 where data is not masked.
WARNING:Inference:Number of affected entries is 1477. Sum of data in those entries is 4:
WARNING:Inference:Model is < 0 where data is not masked.
WARNING:Inference:Number of affected entries is 4393. Sum of data in those entries is 839:
WARNING:Inference:Model is < 0 where data is not masked.
WARNING:Inference:Number of affected entries is 1228. Sum of data in those entries is 1:
WARNING:Inference:Model is < 0 where data is not masked.
WARNING:Inference:Number of affected entries is 2844. Sum of data in those entries is 31:
WARNING:Inference:Model is < 0 where data is not masked.
WARNING:Inference:Number of affected entries is 4122. Sum of data in those entries is 550:
WARNING:Inference:Model is < 0 where data is not masked.
WARNING:Inference:Number of affected entries is 3897. Sum of data in those entries is 514:
WARNING:Inference:Model is < 0 where data is not masked.
WARNING:Inference:Number of affected entries is 1719. Sum of data in those entries is 3:
WARNING:Inference:Model is < 0 where data is not masked.
WARNING:Inference:Number of affected entries is 1617. Sum of data in those entries is 1:
WARNING:Inference:Model is < 0 where data is not masked.
WARNING:Inference:Number of affected entries is 1673. Sum of data in those entries is 1:
WARNING:Inference:Model is < 0 where data is not masked.
WARNING:Inference:Number of affected entries is 2541. Sum of data in those entries is 12:
WARNING:Inference:Model is < 0 where data is not masked.
WARNING:Inference:Number of affected entries is 4045. Sum of data in those entries is 505:
WARNING:Inference:Model is < 0 where data is not masked.
WARNING:Inference:Number of affected entries is 2240. Sum of data in those entries is 21:
WARNING:Inference:Model is < 0 where data is not masked.
WARNING:Inference:Number of affected entries is 2593. Sum of data in those entries is 16:
WARNING:Inference:Model is < 0 where data is not masked.
WARNING:Inference:Number of affected entries is 1332. Sum of data in those entries is 1:
WARNING:Inference:Model is < 0 where data is not masked.
WARNING:Inference:Number of affected entries is 4181. Sum of data in those entries is 591:
WARNING:Inference:Model is < 0 where data is not masked.
WARNING:Inference:Number of affected entries is 4406. Sum of data in those entries is 868:
WARNING:Inference:Model is < 0 where data is not masked.
WARNING:Inference:Number of affected entries is 1340. Sum of data in those entries is 1:
WARNING:Inference:Model is < 0 where data is not masked.
WARNING:Inference:Number of affected entries is 2439. Sum of data in those entries is 9:
WARNING:Inference:Model is < 0 where data is not masked.
WARNING:Inference:Number of affected entries is 1344. Sum of data in those entries is 1:
WARNING:Inference:Model is < 0 where data is not masked.
WARNING:Inference:Number of affected entries is 1920. Sum of data in those entries is 16:
WARNING:Inference:Model is < 0 where data is not masked.
WARNING:Inference:Number of affected entries is 2535. Sum of data in those entries is 12:
WARNING:Inference:Model is < 0 where data is not masked.
WARNING:Inference:Number of affected entries is 4253. Sum of data in those entries is 826:
WARNING:Inference:Model is < 0 where data is not masked.
WARNING:Inference:Number of affected entries is 4287. Sum of data in those entries is 745:
WARNING:Inference:Model is < 0 where data is not masked.
WARNING:Inference:Number of affected entries is 4471. Sum of data in those entries is 832:
WARNING:Inference:Model is < 0 where data is not masked.
WARNING:Inference:Number of affected entries is 2216. Sum of data in those entries is 9:
WARNING:Inference:Model is < 0 where data is not masked.
WARNING:Inference:Number of affected entries is 1077. Sum of data in those entries is 1:
WARNING:Inference:Model is < 0 where data is not masked.
WARNING:Inference:Number of affected entries is 1910. Sum of data in those entries is 14:
WARNING:Inference:Model is < 0 where data is not masked.
WARNING:Inference:Number of affected entries is 1651. Sum of data in those entries is 4:
WARNING:Inference:Model is < 0 where data is not masked.
WARNING:Inference:Number of affected entries is 2813. Sum of data in those entries is 37:
WARNING:Inference:Model is < 0 where data is not masked.
WARNING:Inference:Number of affected entries is 2262. Sum of data in those entries is 15:
WARNING:Inference:Model is < 0 where data is not masked.
WARNING:Inference:Number of affected entries is 4272. Sum of data in those entries is 885:
WARNING:Inference:Model is < 0 where data is not masked.
WARNING:Inference:Number of affected entries is 4332. Sum of data in those entries is 810:
WARNING:Inference:Model is < 0 where data is not masked.
WARNING:Inference:Number of affected entries is 3115. Sum of data in those entries is 99:
WARNING:Inference:Model is < 0 where data is not masked.
WARNING:Inference:Number of affected entries is 1655. Sum of data in those entries is 8:
WARNING:Inference:Model is < 0 where data is not masked.
WARNING:Inference:Number of affected entries is 4371. Sum of data in those entries is 771:
WARNING:Inference:Model is < 0 where data is not masked.
WARNING:Inference:Number of affected entries is 3161. Sum of data in those entries is 143:
WARNING:Inference:Model is < 0 where data is not masked.
WARNING:Inference:Number of affected entries is 1092. Sum of data in those entries is 1:
WARNING:Inference:Model is < 0 where data is not masked.
WARNING:Inference:Number of affected entries is 2302. Sum of data in those entries is 7:
WARNING:Inference:Model is < 0 where data is not masked.
WARNING:Inference:Number of affected entries is 4282. Sum of data in those entries is 851:
WARNING:Inference:Model is < 0 where data is not masked.
WARNING:Inference:Number of affected entries is 2602. Sum of data in those entries is 87:
WARNING:Inference:Model is < 0 where data is not masked.
WARNING:Inference:Number of affected entries is 1113. Sum of data in those entries is 1:
WARNING:Inference:Model is < 0 where data is not masked.
WARNING:Inference:Number of affected entries is 4319. Sum of data in those entries is 808:
WARNING:Inference:Model is < 0 where data is not masked.
WARNING:Inference:Number of affected entries is 2353. Sum of data in those entries is 8:
WARNING:Inference:Model is < 0 where data is not masked.
WARNING:Inference:Number of affected entries is 4371. Sum of data in those entries is 792:
WARNING:Inference:Model is < 0 where data is not masked.
WARNING:Inference:Number of affected entries is 1096. Sum of data in those entries is 1:
WARNING:Inference:Model is < 0 where data is not masked.
WARNING:Inference:Number of affected entries is 3582. Sum of data in those entries is 385:
WARNING:Inference:Model is < 0 where data is not masked.
WARNING:Inference:Number of affected entries is 4247. Sum of data in those entries is 930:
WARNING:Inference:Model is < 0 where data is not masked.
WARNING:Inference:Number of affected entries is 4269. Sum of data in those entries is 800:
WARNING:Inference:Model is < 0 where data is not masked.
WARNING:Inference:Number of affected entries is 2629. Sum of data in those entries is 106:
WARNING:Inference:Model is < 0 where data is not masked.
WARNING:Inference:Number of affected entries is 4251. Sum of data in those entries is 559:
WARNING:Inference:Model is < 0 where data is not masked.
WARNING:Inference:Number of affected entries is 1684. Sum of data in those entries is 9:
WARNING:Inference:Model is < 0 where data is not masked.
WARNING:Inference:Number of affected entries is 4371. Sum of data in those entries is 803:
WARNING:Inference:Model is < 0 where data is not masked.
WARNING:Inference:Number of affected entries is 2387. Sum of data in those entries is 8:
WARNING:Inference:Model is < 0 where data is not masked.
WARNING:Inference:Number of affected entries is 4279. Sum of data in those entries is 800:
WARNING:Inference:Model is < 0 where data is not masked.
WARNING:Inference:Number of affected entries is 4418. Sum of data in those entries is 979:
WARNING:Inference:Model is < 0 where data is not masked.
WARNING:Inference:Number of affected entries is 1450. Sum of data in those entries is 1:
WARNING:Inference:Model is < 0 where data is not masked.
WARNING:Inference:Number of affected entries is 1667. Sum of data in those entries is 14:
WARNING:Inference:Model is < 0 where data is not masked.
WARNING:Inference:Number of affected entries is 3436. Sum of data in those entries is 290:
WARNING:Inference:Model is < 0 where data is not masked.
WARNING:Inference:Number of affected entries is 2288. Sum of data in those entries is 7:
WARNING:Inference:Model is < 0 where data is not masked.
WARNING:Inference:Number of affected entries is 4009. Sum of data in those entries is 483:
WARNING:Inference:Model is < 0 where data is not masked.
WARNING:Inference:Number of affected entries is 4140. Sum of data in those entries is 504:
WARNING:Inference:Model is < 0 where data is not masked.
WARNING:Inference:Number of affected entries is 1991. Sum of data in those entries is 1:
WARNING:Inference:Model is < 0 where data is not masked.
WARNING:Inference:Number of affected entries is 1579. Sum of data in those entries is 6:
WARNING:Inference:Model is < 0 where data is not masked.
WARNING:Inference:Number of affected entries is 4490. Sum of data in those entries is 948:
WARNING:Inference:Model is < 0 where data is not masked.
WARNING:Inference:Number of affected entries is 1780. Sum of data in those entries is 1:
WARNING:Inference:Model is < 0 where data is not masked.
WARNING:Inference:Number of affected entries is 1884. Sum of data in those entries is 3:
WARNING:Inference:Model is < 0 where data is not masked.
WARNING:Inference:Number of affected entries is 4444. Sum of data in those entries is 1132:
WARNING:Inference:Model is < 0 where data is not masked.
WARNING:Inference:Number of affected entries is 4400. Sum of data in those entries is 865:
WARNING:Inference:Model is < 0 where data is not masked.
WARNING:Inference:Number of affected entries is 3126. Sum of data in those entries is 229:
WARNING:Inference:Model is < 0 where data is not masked.
WARNING:Inference:Number of affected entries is 4509. Sum of data in those entries is 1049:
WARNING:Inference:Model is < 0 where data is not masked.
WARNING:Inference:Number of affected entries is 1940. Sum of data in those entries is 2:
WARNING:Inference:Model is < 0 where data is not masked.
WARNING:Inference:Number of affected entries is 3737. Sum of data in those entries is 316:
WARNING:Inference:Model is < 0 where data is not masked.
WARNING:Inference:Number of affected entries is 1595. Sum of data in those entries is 6:
WARNING:Inference:Model is < 0 where data is not masked.
WARNING:Inference:Number of affected entries is 4077. Sum of data in those entries is 507:
WARNING:Inference:Model is < 0 where data is not masked.
WARNING:Inference:Number of affected entries is 4236. Sum of data in those entries is 770:
WARNING:Inference:Model is < 0 where data is not masked.
WARNING:Inference:Number of affected entries is 2460. Sum of data in those entries is 10:
WARNING:Inference:Model is < 0 where data is not masked.
WARNING:Inference:Number of affected entries is 4171. Sum of data in those entries is 636:
WARNING:Inference:Model is < 0 where data is not masked.
WARNING:Inference:Number of affected entries is 4136. Sum of data in those entries is 523:
WARNING:Inference:Model is < 0 where data is not masked.
WARNING:Inference:Number of affected entries is 2335. Sum of data in those entries is 8:
WARNING:Inference:Model is < 0 where data is not masked.
WARNING:Inference:Number of affected entries is 4377. Sum of data in those entries is 770:
WARNING:Inference:Model is < 0 where data is not masked.
WARNING:Inference:Number of affected entries is 2112. Sum of data in those entries is 5:
WARNING:Inference:Model is < 0 where data is not masked.
WARNING:Inference:Number of affected entries is 1496. Sum of data in those entries is 1:
WARNING:Inference:Model is < 0 where data is not masked.
WARNING:Inference:Number of affected entries is 4038. Sum of data in those entries is 519:
WARNING:Inference:Model is < 0 where data is not masked.
WARNING:Inference:Number of affected entries is 3774. Sum of data in those entries is 227:
WARNING:Inference:Model is < 0 where data is not masked.
WARNING:Inference:Number of affected entries is 1519. Sum of data in those entries is 1:
WARNING:Inference:Model is < 0 where data is not masked.
WARNING:Inference:Number of affected entries is 4562. Sum of data in those entries is 2067:
WARNING:Inference:Model is < 0 where data is not masked.
WARNING:Inference:Number of affected entries is 4547. Sum of data in those entries is 1075:
WARNING:Inference:Model is < 0 where data is not masked.
WARNING:Inference:Number of affected entries is 1509. Sum of data in those entries is 1:
WARNING:Inference:Model is < 0 where data is not masked.
WARNING:Inference:Number of affected entries is 2541. Sum of data in those entries is 9:
WARNING:Inference:Model is < 0 where data is not masked.
WARNING:Inference:Number of affected entries is 1557. Sum of data in those entries is 1:
WARNING:Inference:Model is < 0 where data is not masked.
WARNING:Inference:Number of affected entries is 3865. Sum of data in those entries is 351:
WARNING:Inference:Model is < 0 where data is not masked.
WARNING:Inference:Number of affected entries is 2552. Sum of data in those entries is 13:
WARNING:Inference:Model is < 0 where data is not masked.
WARNING:Inference:Number of affected entries is 4097. Sum of data in those entries is 469:
WARNING:Inference:Model is < 0 where data is not masked.
WARNING:Inference:Number of affected entries is 4280. Sum of data in those entries is 781:
WARNING:Inference:Model is < 0 where data is not masked.
WARNING:Inference:Number of affected entries is 2480. Sum of data in those entries is 10:
WARNING:Inference:Model is < 0 where data is not masked.
WARNING:Inference:Number of affected entries is 1536. Sum of data in those entries is 1:
WARNING:Inference:Model is < 0 where data is not masked.
WARNING:Inference:Number of affected entries is 1921. Sum of data in those entries is 2:
WARNING:Inference:Model is < 0 where data is not masked.
WARNING:Inference:Number of affected entries is 2821. Sum of data in those entries is 118:
WARNING:Inference:Model is < 0 where data is not masked.
WARNING:Inference:Number of affected entries is 3895. Sum of data in those entries is 350:
WARNING:Inference:Model is < 0 where data is not masked.
WARNING:Inference:Number of affected entries is 1555. Sum of data in those entries is 1:
WARNING:Inference:Model is < 0 where data is not masked.
WARNING:Inference:Number of affected entries is 968. Sum of data in those entries is 1:
WARNING:Inference:Model is < 0 where data is not masked.
WARNING:Inference:Number of affected entries is 1489. Sum of data in those entries is 2:
WARNING:Inference:Model is < 0 where data is not masked.
WARNING:Inference:Number of affected entries is 1916. Sum of data in those entries is 2:
WARNING:Inference:Model is < 0 where data is not masked.
WARNING:Inference:Number of affected entries is 1561. Sum of data in those entries is 1:
WARNING:Inference:Model is < 0 where data is not masked.
WARNING:Inference:Number of affected entries is 2580. Sum of data in those entries is 15:
WARNING:Inference:Model is < 0 where data is not masked.
WARNING:Inference:Number of affected entries is 1560. Sum of data in those entries is 1:
WARNING:Inference:Model is < 0 where data is not masked.
WARNING:Inference:Number of affected entries is 1497. Sum of data in those entries is 3:
WARNING:Inference:Model is < 0 where data is not masked.
WARNING:Inference:Number of affected entries is 4475. Sum of data in those entries is 1469:
WARNING:Inference:Model is < 0 where data is not masked.
WARNING:Inference:Number of affected entries is 4357. Sum of data in those entries is 879:
WARNING:Inference:Model is < 0 where data is not masked.
WARNING:Inference:Number of affected entries is 1012. Sum of data in those entries is 1:
WARNING:Inference:Model is < 0 where data is not masked.
WARNING:Inference:Number of affected entries is 1542. Sum of data in those entries is 1:
WARNING:Inference:Model is < 0 where data is not masked.
WARNING:Inference:Number of affected entries is 4409. Sum of data in those entries is 968:
WARNING:Inference:Model is < 0 where data is not masked.
WARNING:Inference:Number of affected entries is 2695. Sum of data in those entries is 22:
WARNING:Inference:Model is < 0 where data is not masked.
WARNING:Inference:Number of affected entries is 1375. Sum of data in those entries is 1:
WARNING:Inference:Model is < 0 where data is not masked.
WARNING:Inference:Number of affected entries is 1092. Sum of data in those entries is 2:
WARNING:Inference:Model is < 0 where data is not masked.
WARNING:Inference:Number of affected entries is 1058. Sum of data in those entries is 1:
WARNING:Inference:Model is < 0 where data is not masked.
WARNING:Inference:Number of affected entries is 1478. Sum of data in those entries is 1:
WARNING:Inference:Model is < 0 where data is not masked.
WARNING:Inference:Number of affected entries is 3967. Sum of data in those entries is 475:
WARNING:Inference:Model is < 0 where data is not masked.
WARNING:Inference:Number of affected entries is 2697. Sum of data in those entries is 22:
WARNING:Inference:Model is < 0 where data is not masked.
WARNING:Inference:Number of affected entries is 1036. Sum of data in those entries is 1:
WARNING:Inference:Model is < 0 where data is not masked.
WARNING:Inference:Number of affected entries is 3063. Sum of data in those entries is 187:
WARNING:Inference:Model is < 0 where data is not masked.
WARNING:Inference:Number of affected entries is 1680. Sum of data in those entries is 2:
WARNING:Inference:Model is < 0 where data is not masked.
WARNING:Inference:Number of affected entries is 1471. Sum of data in those entries is 1:
WARNING:Inference:Model is < 0 where data is not masked.
WARNING:Inference:Number of affected entries is 1072. Sum of data in those entries is 1:
WARNING:Inference:Model is < 0 where data is not masked.
WARNING:Inference:Number of affected entries is 1012. Sum of data in those entries is 1:
WARNING:Inference:Model is < 0 where data is not masked.
WARNING:Inference:Number of affected entries is 2678. Sum of data in those entries is 21:
WARNING:Inference:Model is < 0 where data is not masked.
WARNING:Inference:Number of affected entries is 1438. Sum of data in those entries is 1:
WARNING:Inference:Model is < 0 where data is not masked.
WARNING:Inference:Number of affected entries is 3903. Sum of data in those entries is 384:
WARNING:Inference:Model is < 0 where data is not masked.
WARNING:Inference:Number of affected entries is 1066. Sum of data in those entries is 1:
WARNING:Inference:Model is < 0 where data is not masked.
WARNING:Inference:Number of affected entries is 1635. Sum of data in those entries is 4:
WARNING:Inference:Model is < 0 where data is not masked.
WARNING:Inference:Number of affected entries is 3659. Sum of data in those entries is 476:
WARNING:Inference:Model is < 0 where data is not masked.
WARNING:Inference:Number of affected entries is 1488. Sum of data in those entries is 6:
WARNING:Inference:Model is < 0 where data is not masked.
WARNING:Inference:Number of affected entries is 1433. Sum of data in those entries is 1:
WARNING:Inference:Model is < 0 where data is not masked.
WARNING:Inference:Number of affected entries is 2700. Sum of data in those entries is 22:
WARNING:Inference:Model is < 0 where data is not masked.
WARNING:Inference:Number of affected entries is 3018. Sum of data in those entries is 261:
WARNING:Inference:Model is < 0 where data is not masked.
WARNING:Inference:Number of affected entries is 1317. Sum of data in those entries is 1:
WARNING:Inference:Model is < 0 where data is not masked.
WARNING:Inference:Number of affected entries is 1411. Sum of data in those entries is 1:
WARNING:Inference:Model is < 0 where data is not masked.
WARNING:Inference:Number of affected entries is 1016. Sum of data in those entries is 1:
WARNING:Inference:Model is < 0 where data is not masked.
WARNING:Inference:Number of affected entries is 2580. Sum of data in those entries is 13:
WARNING:Inference:Model is < 0 where data is not masked.
WARNING:Inference:Number of affected entries is 3871. Sum of data in those entries is 386:
WARNING:Inference:Model is < 0 where data is not masked.
WARNING:Inference:Number of affected entries is 1442. Sum of data in those entries is 1:
WARNING:Inference:Model is < 0 where data is not masked.
WARNING:Inference:Number of affected entries is 1347. Sum of data in those entries is 1:
WARNING:Inference:Model is < 0 where data is not masked.
WARNING:Inference:Number of affected entries is 1564. Sum of data in those entries is 2:
WARNING:Inference:Model is < 0 where data is not masked.
WARNING:Inference:Number of affected entries is 3718. Sum of data in those entries is 390:
WARNING:Inference:Model is < 0 where data is not masked.
WARNING:Inference:Number of affected entries is 2098. Sum of data in those entries is 6:
WARNING:Inference:Model is < 0 where data is not masked.
WARNING:Inference:Number of affected entries is 2711. Sum of data in those entries is 22:
WARNING:Inference:Model is < 0 where data is not masked.
WARNING:Inference:Number of affected entries is 1041. Sum of data in those entries is 1:
WARNING:Inference:Model is < 0 where data is not masked.
WARNING:Inference:Number of affected entries is 1445. Sum of data in those entries is 1:
WARNING:Inference:Model is < 0 where data is not masked.
WARNING:Inference:Number of affected entries is 1039. Sum of data in those entries is 1:
WARNING:Inference:Model is < 0 where data is not masked.
WARNING:Inference:Number of affected entries is 1420. Sum of data in those entries is 1:
WARNING:Inference:Model is < 0 where data is not masked.
WARNING:Inference:Number of affected entries is 2775. Sum of data in those entries is 25:
WARNING:Inference:Model is < 0 where data is not masked.
WARNING:Inference:Number of affected entries is 1516. Sum of data in those entries is 1:
WARNING:Inference:Model is < 0 where data is not masked.
WARNING:Inference:Number of affected entries is 1441. Sum of data in those entries is 1:
WARNING:Inference:Model is < 0 where data is not masked.
WARNING:Inference:Number of affected entries is 1072. Sum of data in those entries is 2:
WARNING:Inference:Model is < 0 where data is not masked.
WARNING:Inference:Number of affected entries is 3736. Sum of data in those entries is 367:
WARNING:Inference:Model is < 0 where data is not masked.
WARNING:Inference:Number of affected entries is 1189. Sum of data in those entries is 1:
WARNING:Inference:Model is < 0 where data is not masked.
WARNING:Inference:Number of affected entries is 3845. Sum of data in those entries is 331:
WARNING:Inference:Model is < 0 where data is not masked.
WARNING:Inference:Number of affected entries is 3925. Sum of data in those entries is 591:
WARNING:Inference:Model is < 0 where data is not masked.
WARNING:Inference:Number of affected entries is 1513. Sum of data in those entries is 1:
WARNING:Inference:Model is < 0 where data is not masked.
WARNING:Inference:Number of affected entries is 1446. Sum of data in those entries is 1:
WARNING:Inference:Model is < 0 where data is not masked.
WARNING:Inference:Number of affected entries is 1099. Sum of data in those entries is 2:
WARNING:Inference:Model is < 0 where data is not masked.
WARNING:Inference:Number of affected entries is 2787. Sum of data in those entries is 25:
WARNING:Inference:Model is < 0 where data is not masked.
WARNING:Inference:Number of affected entries is 1195. Sum of data in those entries is 1:
WARNING:Inference:Model is < 0 where data is not masked.
WARNING:Inference:Number of affected entries is 1423. Sum of data in those entries is 1:
WARNING:Inference:Model is < 0 where data is not masked.
WARNING:Inference:Number of affected entries is 1020. Sum of data in those entries is 1:
WARNING:Inference:Model is < 0 where data is not masked.
WARNING:Inference:Number of affected entries is 1451. Sum of data in those entries is 1:
WARNING:Inference:Model is < 0 where data is not masked.
WARNING:Inference:Number of affected entries is 1600. Sum of data in those entries is 9:
WARNING:Inference:Model is < 0 where data is not masked.
WARNING:Inference:Number of affected entries is 2847. Sum of data in those entries is 37:
WARNING:Inference:Model is < 0 where data is not masked.
WARNING:Inference:Number of affected entries is 1422. Sum of data in those entries is 1:
WARNING:Inference:Model is < 0 where data is not masked.
WARNING:Inference:Number of affected entries is 4142. Sum of data in those entries is 579:
WARNING:Inference:Model is < 0 where data is not masked.
WARNING:Inference:Number of affected entries is 1202. Sum of data in those entries is 1:
WARNING:Inference:Model is < 0 where data is not masked.
WARNING:Inference:Number of affected entries is 1144. Sum of data in those entries is 2:
WARNING:Inference:Model is < 0 where data is not masked.
WARNING:Inference:Number of affected entries is 1567. Sum of data in those entries is 1:
WARNING:Inference:Model is < 0 where data is not masked.
WARNING:Inference:Number of affected entries is 4264. Sum of data in those entries is 785:
WARNING:Inference:Model is < 0 where data is not masked.
WARNING:Inference:Number of affected entries is 2815. Sum of data in those entries is 139:
WARNING:Inference:Model is < 0 where data is not masked.
WARNING:Inference:Number of affected entries is 1093. Sum of data in those entries is 2:
WARNING:Inference:Model is < 0 where data is not masked.
WARNING:Inference:Number of affected entries is 2835. Sum of data in those entries is 36:
WARNING:Inference:Model is < 0 where data is not masked.
WARNING:Inference:Number of affected entries is 1444. Sum of data in those entries is 1:
WARNING:Inference:Model is < 0 where data is not masked.
WARNING:Inference:Number of affected entries is 1401. Sum of data in those entries is 1:
WARNING:Inference:Model is < 0 where data is not masked.
WARNING:Inference:Number of affected entries is 3601. Sum of data in those entries is 282:
WARNING:Inference:Model is < 0 where data is not masked.
WARNING:Inference:Number of affected entries is 1092. Sum of data in those entries is 2:
WARNING:Inference:Model is < 0 where data is not masked.
WARNING:Inference:Number of affected entries is 1246. Sum of data in those entries is 1:
WARNING:Inference:Model is < 0 where data is not masked.
WARNING:Inference:Number of affected entries is 1761. Sum of data in those entries is 1:
WARNING:Inference:Model is < 0 where data is not masked.
WARNING:Inference:Number of affected entries is 2847. Sum of data in those entries is 37:
WARNING:Inference:Model is < 0 where data is not masked.
WARNING:Inference:Number of affected entries is 1432. Sum of data in those entries is 1:
WARNING:Inference:Model is < 0 where data is not masked.
WARNING:Inference:Number of affected entries is 2138. Sum of data in those entries is 20:
WARNING:Inference:Model is < 0 where data is not masked.
WARNING:Inference:Number of affected entries is 1081. Sum of data in those entries is 2:
WARNING:Inference:Model is < 0 where data is not masked.
WARNING:Inference:Number of affected entries is 1467. Sum of data in those entries is 1:
WARNING:Inference:Model is < 0 where data is not masked.
WARNING:Inference:Number of affected entries is 4250. Sum of data in those entries is 781:
WARNING:Inference:Model is < 0 where data is not masked.
WARNING:Inference:Number of affected entries is 1236. Sum of data in those entries is 1:
WARNING:Inference:Model is < 0 where data is not masked.
WARNING:Inference:Number of affected entries is 1443. Sum of data in those entries is 1:
WARNING:Inference:Model is < 0 where data is not masked.
WARNING:Inference:Number of affected entries is 1150. Sum of data in those entries is 2:
WARNING:Inference:Model is < 0 where data is not masked.
WARNING:Inference:Number of affected entries is 1664. Sum of data in those entries is 1:
WARNING:Inference:Model is < 0 where data is not masked.
WARNING:Inference:Number of affected entries is 1642. Sum of data in those entries is 7:
WARNING:Inference:Model is < 0 where data is not masked.
WARNING:Inference:Number of affected entries is 3034. Sum of data in those entries is 72:
WARNING:Inference:Model is < 0 where data is not masked.
WARNING:Inference:Number of affected entries is 4092. Sum of data in those entries is 468:
WARNING:Inference:Model is < 0 where data is not masked.
WARNING:Inference:Number of affected entries is 1514. Sum of data in those entries is 1:
WARNING:Inference:Model is < 0 where data is not masked.
WARNING:Inference:Number of affected entries is 2007. Sum of data in those entries is 13:
WARNING:Inference:Model is < 0 where data is not masked.
WARNING:Inference:Number of affected entries is 1294. Sum of data in those entries is 1:
WARNING:Inference:Model is < 0 where data is not masked.
WARNING:Inference:Number of affected entries is 1037. Sum of data in those entries is 1:
WARNING:Inference:Model is < 0 where data is not masked.
WARNING:Inference:Number of affected entries is 1476. Sum of data in those entries is 1:
WARNING:Inference:Model is < 0 where data is not masked.
WARNING:Inference:Number of affected entries is 3026. Sum of data in those entries is 209:
WARNING:Inference:Model is < 0 where data is not masked.
WARNING:Inference:Number of affected entries is 1154. Sum of data in those entries is 2:
WARNING:Inference:Model is < 0 where data is not masked.
WARNING:Inference:Number of affected entries is 3343. Sum of data in those entries is 143:
WARNING:Inference:Model is < 0 where data is not masked.
WARNING:Inference:Number of affected entries is 1588. Sum of data in those entries is 1:
WARNING:Inference:Model is < 0 where data is not masked.
WARNING:Inference:Number of affected entries is 1350. Sum of data in those entries is 1:
WARNING:Inference:Model is < 0 where data is not masked.
WARNING:Inference:Number of affected entries is 1428. Sum of data in those entries is 1:
WARNING:Inference:Model is < 0 where data is not masked.
WARNING:Inference:Number of affected entries is 1491. Sum of data in those entries is 1:
WARNING:Inference:Model is < 0 where data is not masked.
WARNING:Inference:Number of affected entries is 1823. Sum of data in those entries is 4:
WARNING:Inference:Model is < 0 where data is not masked.
WARNING:Inference:Number of affected entries is 1115. Sum of data in those entries is 2:
WARNING:Inference:Model is < 0 where data is not masked.
WARNING:Inference:Number of affected entries is 4604. Sum of data in those entries is 1921:
WARNING:Inference:Model is < 0 where data is not masked.
WARNING:Inference:Number of affected entries is 2001. Sum of data in those entries is 12:
WARNING:Inference:Model is < 0 where data is not masked.
WARNING:Inference:Number of affected entries is 1346. Sum of data in those entries is 1:
WARNING:Inference:Model is < 0 where data is not masked.
WARNING:Inference:Number of affected entries is 3248. Sum of data in those entries is 111:
WARNING:Inference:Model is < 0 where data is not masked.
WARNING:Inference:Number of affected entries is 1672. Sum of data in those entries is 1:
WARNING:Inference:Model is < 0 where data is not masked.
WARNING:Inference:Number of affected entries is 1477. Sum of data in those entries is 1:
WARNING:Inference:Model is < 0 where data is not masked.
WARNING:Inference:Number of affected entries is 1128. Sum of data in those entries is 2:
WARNING:Inference:Model is < 0 where data is not masked.
WARNING:Inference:Number of affected entries is 4514. Sum of data in those entries is 849:
WARNING:Inference:Model is < 0 where data is not masked.
WARNING:Inference:Number of affected entries is 1440. Sum of data in those entries is 1:
WARNING:Inference:Model is < 0 where data is not masked.
WARNING:Inference:Number of affected entries is 1847. Sum of data in those entries is 6:
WARNING:Inference:Model is < 0 where data is not masked.
WARNING:Inference:Number of affected entries is 1126. Sum of data in those entries is 2:
WARNING:Inference:Model is < 0 where data is not masked.
WARNING:Inference:Number of affected entries is 1427. Sum of data in those entries is 2:
WARNING:Inference:Model is < 0 where data is not masked.
WARNING:Inference:Number of affected entries is 3406. Sum of data in those entries is 156:
WARNING:Inference:Model is < 0 where data is not masked.
WARNING:Inference:Number of affected entries is 1477. Sum of data in those entries is 1:
WARNING:Inference:Model is < 0 where data is not masked.
WARNING:Inference:Number of affected entries is 1515. Sum of data in those entries is 1:
WARNING:Inference:Model is < 0 where data is not masked.
WARNING:Inference:Number of affected entries is 1433. Sum of data in those entries is 1:
WARNING:Inference:Model is < 0 where data is not masked.
WARNING:Inference:Number of affected entries is 1044. Sum of data in those entries is 1:
WARNING:Inference:Model is < 0 where data is not masked.
WARNING:Inference:Number of affected entries is 4166. Sum of data in those entries is 495:
WARNING:Inference:Model is < 0 where data is not masked.
WARNING:Inference:Number of affected entries is 1397. Sum of data in those entries is 1:
WARNING:Inference:Model is < 0 where data is not masked.
WARNING:Inference:Number of affected entries is 4297. Sum of data in those entries is 816:
WARNING:Inference:Model is < 0 where data is not masked.
WARNING:Inference:Number of affected entries is 1768. Sum of data in those entries is 5:
WARNING:Inference:Model is < 0 where data is not masked.
WARNING:Inference:Number of affected entries is 1631. Sum of data in those entries is 7:
WARNING:Inference:Model is < 0 where data is not masked.
WARNING:Inference:Number of affected entries is 1094. Sum of data in those entries is 2:
WARNING:Inference:Model is < 0 where data is not masked.
WARNING:Inference:Number of affected entries is 1437. Sum of data in those entries is 1:
WARNING:Inference:Model is < 0 where data is not masked.
WARNING:Inference:Number of affected entries is 3310. Sum of data in those entries is 143:
WARNING:Inference:Model is < 0 where data is not masked.
WARNING:Inference:Number of affected entries is 1489. Sum of data in those entries is 1:
WARNING:Inference:Model is < 0 where data is not masked.
WARNING:Inference:Number of affected entries is 1415. Sum of data in those entries is 2:
WARNING:Inference:Model is < 0 where data is not masked.
WARNING:Inference:Number of affected entries is 1057. Sum of data in those entries is 1:
WARNING:Inference:Model is < 0 where data is not masked.
WARNING:Inference:Number of affected entries is 1486. Sum of data in those entries is 1:
WARNING:Inference:Model is < 0 where data is not masked.
WARNING:Inference:Number of affected entries is 4271. Sum of data in those entries is 738:
WARNING:Inference:Model is < 0 where data is not masked.
WARNING:Inference:Number of affected entries is 1825. Sum of data in those entries is 6:
WARNING:Inference:Model is < 0 where data is not masked.
WARNING:Inference:Number of affected entries is 3319. Sum of data in those entries is 139:
WARNING:Inference:Model is < 0 where data is not masked.
WARNING:Inference:Number of affected entries is 1101. Sum of data in those entries is 2:
WARNING:Inference:Model is < 0 where data is not masked.
WARNING:Inference:Number of affected entries is 1494. Sum of data in those entries is 1:
WARNING:Inference:Model is < 0 where data is not masked.
WARNING:Inference:Number of affected entries is 1469. Sum of data in those entries is 2:
WARNING:Inference:Model is < 0 where data is not masked.
WARNING:Inference:Number of affected entries is 3549. Sum of data in those entries is 259:
WARNING:Inference:Model is < 0 where data is not masked.
WARNING:Inference:Number of affected entries is 1442. Sum of data in those entries is 1:
WARNING:Inference:Model is < 0 where data is not masked.
WARNING:Inference:Number of affected entries is 1087. Sum of data in those entries is 2:
WARNING:Inference:Model is < 0 where data is not masked.
WARNING:Inference:Number of affected entries is 3974. Sum of data in those entries is 415:
WARNING:Inference:Model is < 0 where data is not masked.
WARNING:Inference:Number of affected entries is 1992. Sum of data in those entries is 3:
WARNING:Inference:Model is < 0 where data is not masked.
WARNING:Inference:Number of affected entries is 1446. Sum of data in those entries is 2:
WARNING:Inference:Model is < 0 where data is not masked.
WARNING:Inference:Number of affected entries is 3373. Sum of data in those entries is 153:
WARNING:Inference:Model is < 0 where data is not masked.
WARNING:Inference:Number of affected entries is 1830. Sum of data in those entries is 5:
WARNING:Inference:Model is < 0 where data is not masked.
WARNING:Inference:Number of affected entries is 1484. Sum of data in those entries is 1:
WARNING:Inference:Model is < 0 where data is not masked.
WARNING:Inference:Number of affected entries is 1440. Sum of data in those entries is 1:
WARNING:Inference:Model is < 0 where data is not masked.
WARNING:Inference:Number of affected entries is 1045. Sum of data in those entries is 2:
WARNING:Inference:Model is < 0 where data is not masked.
WARNING:Inference:Number of affected entries is 1772. Sum of data in those entries is 9:
WARNING:Inference:Model is < 0 where data is not masked.
WARNING:Inference:Number of affected entries is 1018. Sum of data in those entries is 1:
WARNING:Inference:Model is < 0 where data is not masked.
WARNING:Inference:Number of affected entries is 1427. Sum of data in those entries is 1:
WARNING:Inference:Model is < 0 where data is not masked.
WARNING:Inference:Number of affected entries is 1480. Sum of data in those entries is 2:
WARNING:Inference:Model is < 0 where data is not masked.
WARNING:Inference:Number of affected entries is 3371. Sum of data in those entries is 157:
WARNING:Inference:Model is < 0 where data is not masked.
WARNING:Inference:Number of affected entries is 1480. Sum of data in those entries is 1:
WARNING:Inference:Model is < 0 where data is not masked.
WARNING:Inference:Number of affected entries is 1731. Sum of data in those entries is 4:
WARNING:Inference:Model is < 0 where data is not masked.
WARNING:Inference:Number of affected entries is 1020. Sum of data in those entries is 1:
WARNING:Inference:Model is < 0 where data is not masked.
WARNING:Inference:Number of affected entries is 4124. Sum of data in those entries is 475:
WARNING:Inference:Model is < 0 where data is not masked.
WARNING:Inference:Number of affected entries is 2438. Sum of data in those entries is 33:
WARNING:Inference:Model is < 0 where data is not masked.
WARNING:Inference:Number of affected entries is 1452. Sum of data in those entries is 1:
WARNING:Inference:Model is < 0 where data is not masked.
WARNING:Inference:Number of affected entries is 1465. Sum of data in those entries is 2:
WARNING:Inference:Model is < 0 where data is not masked.
WARNING:Inference:Number of affected entries is 1053. Sum of data in those entries is 1:
WARNING:Inference:Model is < 0 where data is not masked.
WARNING:Inference:Number of affected entries is 4335. Sum of data in those entries is 828:
WARNING:Inference:Model is < 0 where data is not masked.
WARNING:Inference:Number of affected entries is 1457. Sum of data in those entries is 1:
WARNING:Inference:Model is < 0 where data is not masked.
WARNING:Inference:Number of affected entries is 3346. Sum of data in those entries is 154:
WARNING:Inference:Model is < 0 where data is not masked.
WARNING:Inference:Number of affected entries is 1514. Sum of data in those entries is 1:
WARNING:Inference:Model is < 0 where data is not masked.
WARNING:Inference:Number of affected entries is 1603. Sum of data in those entries is 3:
WARNING:Inference:Model is < 0 where data is not masked.
WARNING:Inference:Number of affected entries is 1049. Sum of data in those entries is 2:
WARNING:Inference:Model is < 0 where data is not masked.
WARNING:Inference:Number of affected entries is 1543. Sum of data in those entries is 2:
WARNING:Inference:Model is < 0 where data is not masked.
WARNING:Inference:Number of affected entries is 2693. Sum of data in those entries is 86:
WARNING:Inference:Model is < 0 where data is not masked.
WARNING:Inference:Number of affected entries is 1435. Sum of data in those entries is 1:
WARNING:Inference:Model is < 0 where data is not masked.
WARNING:Inference:Number of affected entries is 1041. Sum of data in those entries is 1:
WARNING:Inference:Model is < 0 where data is not masked.
WARNING:Inference:Number of affected entries is 1433. Sum of data in those entries is 1:
WARNING:Inference:Model is < 0 where data is not masked.
WARNING:Inference:Number of affected entries is 1559. Sum of data in those entries is 2:
WARNING:Inference:Model is < 0 where data is not masked.
WARNING:Inference:Number of affected entries is 3342. Sum of data in those entries is 153:
WARNING:Inference:Model is < 0 where data is not masked.
WARNING:Inference:Number of affected entries is 1455. Sum of data in those entries is 2:
WARNING:Inference:Model is < 0 where data is not masked.
WARNING:Inference:Number of affected entries is 3799. Sum of data in those entries is 322:
WARNING:Inference:Model is < 0 where data is not masked.
WARNING:Inference:Number of affected entries is 1061. Sum of data in those entries is 2:
WARNING:Inference:Model is < 0 where data is not masked.
WARNING:Inference:Number of affected entries is 1418. Sum of data in those entries is 1:
WARNING:Inference:Model is < 0 where data is not masked.
WARNING:Inference:Number of affected entries is 3078. Sum of data in those entries is 107:
WARNING:Inference:Model is < 0 where data is not masked.
WARNING:Inference:Number of affected entries is 1063. Sum of data in those entries is 2:
WARNING:Inference:Model is < 0 where data is not masked.
WARNING:Inference:Number of affected entries is 3377. Sum of data in those entries is 153:
WARNING:Inference:Model is < 0 where data is not masked.
WARNING:Inference:Number of affected entries is 1453. Sum of data in those entries is 2:
WARNING:Inference:Model is < 0 where data is not masked.
WARNING:Inference:Number of affected entries is 3281. Sum of data in those entries is 250:
WARNING:Inference:Model is < 0 where data is not masked.
WARNING:Inference:Number of affected entries is 1429. Sum of data in those entries is 1:
WARNING:Inference:Model is < 0 where data is not masked.
WARNING:Inference:Number of affected entries is 1061. Sum of data in those entries is 2:
WARNING:Inference:Model is < 0 where data is not masked.
WARNING:Inference:Number of affected entries is 2053. Sum of data in those entries is 11:
WARNING:Inference:Model is < 0 where data is not masked.
WARNING:Inference:Number of affected entries is 1421. Sum of data in those entries is 2:
WARNING:Inference:Model is < 0 where data is not masked.
WARNING:Inference:Number of affected entries is 1398. Sum of data in those entries is 1:
WARNING:Inference:Model is < 0 where data is not masked.
WARNING:Inference:Number of affected entries is 1432. Sum of data in those entries is 1:
WARNING:Inference:Model is < 0 where data is not masked.
WARNING:Inference:Number of affected entries is 3344. Sum of data in those entries is 154:
WARNING:Inference:Model is < 0 where data is not masked.
WARNING:Inference:Number of affected entries is 1062. Sum of data in those entries is 2:
WARNING:Inference:Model is < 0 where data is not masked.
WARNING:Inference:Number of affected entries is 3938. Sum of data in those entries is 406:
WARNING:Inference:Model is < 0 where data is not masked.
WARNING:Inference:Number of affected entries is 1717. Sum of data in those entries is 2:
WARNING:Inference:Model is < 0 where data is not masked.
WARNING:Inference:Number of affected entries is 1390. Sum of data in those entries is 1:
WARNING:Inference:Model is < 0 where data is not masked.
WARNING:Inference:Number of affected entries is 1396. Sum of data in those entries is 2:
WARNING:Inference:Model is < 0 where data is not masked.
WARNING:Inference:Number of affected entries is 1066. Sum of data in those entries is 2:
WARNING:Inference:Model is < 0 where data is not masked.
WARNING:Inference:Number of affected entries is 2936. Sum of data in those entries is 173:
WARNING:Inference:Model is < 0 where data is not masked.
WARNING:Inference:Number of affected entries is 3380. Sum of data in those entries is 158:
WARNING:Inference:Model is < 0 where data is not masked.
WARNING:Inference:Number of affected entries is 1060. Sum of data in those entries is 2:
WARNING:Inference:Model is < 0 where data is not masked.
WARNING:Inference:Number of affected entries is 1423. Sum of data in those entries is 1:
WARNING:Inference:Model is < 0 where data is not masked.
WARNING:Inference:Number of affected entries is 1368. Sum of data in those entries is 1:
WARNING:Inference:Model is < 0 where data is not masked.
WARNING:Inference:Number of affected entries is 1404. Sum of data in those entries is 2:
WARNING:Inference:Model is < 0 where data is not masked.
WARNING:Inference:Number of affected entries is 2662. Sum of data in those entries is 103:
WARNING:Inference:Model is < 0 where data is not masked.
WARNING:Inference:Number of affected entries is 1064. Sum of data in those entries is 2:
WARNING:Inference:Model is < 0 where data is not masked.
WARNING:Inference:Number of affected entries is 4137. Sum of data in those entries is 637:
WARNING:Inference:Model is < 0 where data is not masked.
WARNING:Inference:Number of affected entries is 3350. Sum of data in those entries is 157:
WARNING:Inference:Model is < 0 where data is not masked.
WARNING:Inference:Number of affected entries is 1443. Sum of data in those entries is 2:
WARNING:Inference:Model is < 0 where data is not masked.
WARNING:Inference:Number of affected entries is 1063. Sum of data in those entries is 2:
WARNING:Inference:Model is < 0 where data is not masked.
WARNING:Inference:Number of affected entries is 1464. Sum of data in those entries is 1:
WARNING:Inference:Model is < 0 where data is not masked.
WARNING:Inference:Number of affected entries is 1396. Sum of data in those entries is 1:
WARNING:Inference:Model is < 0 where data is not masked.
WARNING:Inference:Number of affected entries is 3197. Sum of data in those entries is 235:
WARNING:Inference:Model is < 0 where data is not masked.
WARNING:Inference:Number of affected entries is 1432. Sum of data in those entries is 1:
WARNING:Inference:Model is < 0 where data is not masked.
WARNING:Inference:Number of affected entries is 1065. Sum of data in those entries is 2:
WARNING:Inference:Model is < 0 where data is not masked.
WARNING:Inference:Number of affected entries is 1439. Sum of data in those entries is 2:
WARNING:Inference:Model is < 0 where data is not masked.
WARNING:Inference:Number of affected entries is 3368. Sum of data in those entries is 157:
WARNING:Inference:Model is < 0 where data is not masked.
WARNING:Inference:Number of affected entries is 1065. Sum of data in those entries is 2:
WARNING:Inference:Model is < 0 where data is not masked.
WARNING:Inference:Number of affected entries is 1453. Sum of data in those entries is 2:
WARNING:Inference:Model is < 0 where data is not masked.
WARNING:Inference:Number of affected entries is 3099. Sum of data in those entries is 211:
WARNING:Inference:Model is < 0 where data is not masked.
WARNING:Inference:Number of affected entries is 1439. Sum of data in those entries is 1:
WARNING:Inference:Model is < 0 where data is not masked.
WARNING:Inference:Number of affected entries is 1441. Sum of data in those entries is 1:
WARNING:Inference:Model is < 0 where data is not masked.
WARNING:Inference:Number of affected entries is 1059. Sum of data in those entries is 2:
WARNING:Inference:Model is < 0 where data is not masked.
WARNING:Inference:Number of affected entries is 4058. Sum of data in those entries is 531:
WARNING:Inference:Model is < 0 where data is not masked.
WARNING:Inference:Number of affected entries is 3187. Sum of data in those entries is 109:
WARNING:Inference:Model is < 0 where data is not masked.
WARNING:Inference:Number of affected entries is 1395. Sum of data in those entries is 2:
WARNING:Inference:Model is < 0 where data is not masked.
WARNING:Inference:Number of affected entries is 1059. Sum of data in those entries is 2:
WARNING:Inference:Model is < 0 where data is not masked.
WARNING:Inference:Number of affected entries is 1458. Sum of data in those entries is 2:
WARNING:Inference:Model is < 0 where data is not masked.
WARNING:Inference:Number of affected entries is 1446. Sum of data in those entries is 1:
WARNING:Inference:Model is < 0 where data is not masked.
WARNING:Inference:Number of affected entries is 1431. Sum of data in those entries is 1:
WARNING:Inference:Model is < 0 where data is not masked.
WARNING:Inference:Number of affected entries is 2981. Sum of data in those entries is 177:
WARNING:Inference:Model is < 0 where data is not masked.
WARNING:Inference:Number of affected entries is 3343. Sum of data in those entries is 154:
WARNING:Inference:Model is < 0 where data is not masked.
WARNING:Inference:Number of affected entries is 1061. Sum of data in those entries is 2:
WARNING:Inference:Model is < 0 where data is not masked.
WARNING:Inference:Number of affected entries is 1424. Sum of data in those entries is 2:
WARNING:Inference:Model is < 0 where data is not masked.
WARNING:Inference:Number of affected entries is 1393. Sum of data in those entries is 1:
WARNING:Inference:Model is < 0 where data is not masked.
WARNING:Inference:Number of affected entries is 1472. Sum of data in those entries is 2:
WARNING:Inference:Model is < 0 where data is not masked.
WARNING:Inference:Number of affected entries is 3274. Sum of data in those entries is 199:
WARNING:Inference:Model is < 0 where data is not masked.
WARNING:Inference:Number of affected entries is 1060. Sum of data in those entries is 2:
WARNING:Inference:Model is < 0 where data is not masked.
WARNING:Inference:Number of affected entries is 3137. Sum of data in those entries is 225:
WARNING:Inference:Model is < 0 where data is not masked.
WARNING:Inference:Number of affected entries is 1414. Sum of data in those entries is 1:
WARNING:Inference:Model is < 0 where data is not masked.
WARNING:Inference:Number of affected entries is 3317. Sum of data in those entries is 137:
WARNING:Inference:Model is < 0 where data is not masked.
WARNING:Inference:Number of affected entries is 1493. Sum of data in those entries is 2:
WARNING:Inference:Model is < 0 where data is not masked.
WARNING:Inference:Number of affected entries is 1062. Sum of data in those entries is 2:
WARNING:Inference:Model is < 0 where data is not masked.
WARNING:Inference:Number of affected entries is 1435. Sum of data in those entries is 1:
WARNING:Inference:Model is < 0 where data is not masked.
WARNING:Inference:Number of affected entries is 1400. Sum of data in those entries is 1:
WARNING:Inference:Model is < 0 where data is not masked.
WARNING:Inference:Number of affected entries is 1052. Sum of data in those entries is 2:
WARNING:Inference:Model is < 0 where data is not masked.
WARNING:Inference:Number of affected entries is 2787. Sum of data in those entries is 133:
WARNING:Inference:Model is < 0 where data is not masked.
WARNING:Inference:Number of affected entries is 1504. Sum of data in those entries is 2:
WARNING:Inference:Model is < 0 where data is not masked.
WARNING:Inference:Number of affected entries is 3368. Sum of data in those entries is 158:
WARNING:Inference:Model is < 0 where data is not masked.
WARNING:Inference:Number of affected entries is 1044. Sum of data in those entries is 1:
WARNING:Inference:Model is < 0 where data is not masked.
WARNING:Inference:Number of affected entries is 1377. Sum of data in those entries is 1:
WARNING:Inference:Model is < 0 where data is not masked.
WARNING:Inference:Number of affected entries is 4073. Sum of data in those entries is 517:
WARNING:Inference:Model is < 0 where data is not masked.
WARNING:Inference:Number of affected entries is 1444. Sum of data in those entries is 2:
WARNING:Inference:Model is < 0 where data is not masked.
WARNING:Inference:Number of affected entries is 1437. Sum of data in those entries is 2:
WARNING:Inference:Model is < 0 where data is not masked.
WARNING:Inference:Number of affected entries is 1432. Sum of data in those entries is 1:
WARNING:Inference:Model is < 0 where data is not masked.
WARNING:Inference:Number of affected entries is 1059. Sum of data in those entries is 2:
WARNING:Inference:Model is < 0 where data is not masked.
WARNING:Inference:Number of affected entries is 3023. Sum of data in those entries is 185:
WARNING:Inference:Model is < 0 where data is not masked.
WARNING:Inference:Number of affected entries is 1382. Sum of data in those entries is 1:
WARNING:Inference:Model is < 0 where data is not masked.
WARNING:Inference:Number of affected entries is 3472. Sum of data in those entries is 174:
WARNING:Inference:Model is < 0 where data is not masked.
WARNING:Inference:Number of affected entries is 1067. Sum of data in those entries is 2:
WARNING:Inference:Model is < 0 where data is not masked.
WARNING:Inference:Number of affected entries is 1464. Sum of data in those entries is 2:
WARNING:Inference:Model is < 0 where data is not masked.
WARNING:Inference:Number of affected entries is 1388. Sum of data in those entries is 1:
WARNING:Inference:Model is < 0 where data is not masked.
WARNING:Inference:Number of affected entries is 1421. Sum of data in those entries is 1:
WARNING:Inference:Model is < 0 where data is not masked.
WARNING:Inference:Number of affected entries is 3079. Sum of data in those entries is 209:
WARNING:Inference:Model is < 0 where data is not masked.
WARNING:Inference:Number of affected entries is 1073. Sum of data in those entries is 2:
WARNING:Inference:Model is < 0 where data is not masked.
WARNING:Inference:Number of affected entries is 3381. Sum of data in those entries is 163:
WARNING:Inference:Model is < 0 where data is not masked.
WARNING:Inference:Number of affected entries is 1358. Sum of data in those entries is 1:
WARNING:Inference:Model is < 0 where data is not masked.
WARNING:Inference:Number of affected entries is 1391. Sum of data in those entries is 1:
WARNING:Inference:Model is < 0 where data is not masked.
WARNING:Inference:Number of affected entries is 1065. Sum of data in those entries is 2:
WARNING:Inference:Model is < 0 where data is not masked.
WARNING:Inference:Number of affected entries is 1444. Sum of data in those entries is 1:
WARNING:Inference:Model is < 0 where data is not masked.
WARNING:Inference:Number of affected entries is 3015. Sum of data in those entries is 182:
WARNING:Inference:Model is < 0 where data is not masked.
WARNING:Inference:Number of affected entries is 1444. Sum of data in those entries is 2:
WARNING:Inference:Model is < 0 where data is not masked.
WARNING:Inference:Number of affected entries is 1061. Sum of data in those entries is 2:
WARNING:Inference:Model is < 0 where data is not masked.
WARNING:Inference:Number of affected entries is 1388. Sum of data in those entries is 1:
WARNING:Inference:Model is < 0 where data is not masked.
WARNING:Inference:Number of affected entries is 3418. Sum of data in those entries is 170:
WARNING:Inference:Model is < 0 where data is not masked.
WARNING:Inference:Number of affected entries is 3183. Sum of data in those entries is 174:
WARNING:Inference:Model is < 0 where data is not masked.
WARNING:Inference:Number of affected entries is 1061. Sum of data in those entries is 2:
WARNING:Inference:Model is < 0 where data is not masked.
WARNING:Inference:Number of affected entries is 1384. Sum of data in those entries is 1:
WARNING:Inference:Model is < 0 where data is not masked.
WARNING:Inference:Number of affected entries is 1484. Sum of data in those entries is 2:
WARNING:Inference:Model is < 0 where data is not masked.
WARNING:Inference:Number of affected entries is 3101. Sum of data in those entries is 209:
WARNING:Inference:Model is < 0 where data is not masked.
WARNING:Inference:Number of affected entries is 1057. Sum of data in those entries is 2:
WARNING:Inference:Model is < 0 where data is not masked.
WARNING:Inference:Number of affected entries is 3338. Sum of data in those entries is 155:
WARNING:Inference:Model is < 0 where data is not masked.
WARNING:Inference:Number of affected entries is 1386. Sum of data in those entries is 1:
WARNING:Inference:Model is < 0 where data is not masked.
WARNING:Inference:Number of affected entries is 1478. Sum of data in those entries is 2:
WARNING:Inference:Model is < 0 where data is not masked.
WARNING:Inference:Number of affected entries is 1053. Sum of data in those entries is 2:
WARNING:Inference:Model is < 0 where data is not masked.
WARNING:Inference:Number of affected entries is 2822. Sum of data in those entries is 76:
WARNING:Inference:Model is < 0 where data is not masked.
WARNING:Inference:Number of affected entries is 3389. Sum of data in those entries is 280:
WARNING:Inference:Model is < 0 where data is not masked.
WARNING:Inference:Number of affected entries is 1387. Sum of data in those entries is 1:
WARNING:Inference:Model is < 0 where data is not masked.
WARNING:Inference:Number of affected entries is 3305. Sum of data in those entries is 147:
WARNING:Inference:Model is < 0 where data is not masked.
WARNING:Inference:Number of affected entries is 1055. Sum of data in those entries is 2:
WARNING:Inference:Model is < 0 where data is not masked.
WARNING:Inference:Number of affected entries is 1461. Sum of data in those entries is 2:
WARNING:Inference:Model is < 0 where data is not masked.
WARNING:Inference:Number of affected entries is 1534. Sum of data in those entries is 1:
WARNING:Inference:Model is < 0 where data is not masked.
WARNING:Inference:Number of affected entries is 1468. Sum of data in those entries is 2:
WARNING:Inference:Model is < 0 where data is not masked.
WARNING:Inference:Number of affected entries is 1389. Sum of data in those entries is 1:
WARNING:Inference:Model is < 0 where data is not masked.
WARNING:Inference:Number of affected entries is 1044. Sum of data in those entries is 1:
WARNING:Inference:Model is < 0 where data is not masked.
WARNING:Inference:Number of affected entries is 3167. Sum of data in those entries is 227:
WARNING:Inference:Model is < 0 where data is not masked.
WARNING:Inference:Number of affected entries is 1486. Sum of data in those entries is 1:
WARNING:Inference:Model is < 0 where data is not masked.
WARNING:Inference:Number of affected entries is 3336. Sum of data in those entries is 154:
WARNING:Inference:Model is < 0 where data is not masked.
WARNING:Inference:Number of affected entries is 1050. Sum of data in those entries is 1:
WARNING:Inference:Model is < 0 where data is not masked.
WARNING:Inference:Number of affected entries is 1386. Sum of data in those entries is 1:
WARNING:Inference:Model is < 0 where data is not masked.
WARNING:Inference:Number of affected entries is 2743. Sum of data in those entries is 62:
WARNING:Inference:Model is < 0 where data is not masked.
WARNING:Inference:Number of affected entries is 1055. Sum of data in those entries is 2:
WARNING:Inference:Model is < 0 where data is not masked.
WARNING:Inference:Number of affected entries is 1515. Sum of data in those entries is 2:
WARNING:Inference:Model is < 0 where data is not masked.
WARNING:Inference:Number of affected entries is 1386. Sum of data in those entries is 1:
WARNING:Inference:Model is < 0 where data is not masked.
WARNING:Inference:Number of affected entries is 3010. Sum of data in those entries is 182:
WARNING:Inference:Model is < 0 where data is not masked.
WARNING:Inference:Number of affected entries is 3366. Sum of data in those entries is 161:
WARNING:Inference:Model is < 0 where data is not masked.
WARNING:Inference:Number of affected entries is 1054. Sum of data in those entries is 2:
WARNING:Inference:Model is < 0 where data is not masked.
WARNING:Inference:Number of affected entries is 1534. Sum of data in those entries is 1:
WARNING:Inference:Model is < 0 where data is not masked.
WARNING:Inference:Number of affected entries is 1440. Sum of data in those entries is 1:
WARNING:Inference:Model is < 0 where data is not masked.
WARNING:Inference:Number of affected entries is 1388. Sum of data in those entries is 1:
WARNING:Inference:Model is < 0 where data is not masked.
WARNING:Inference:Number of affected entries is 1475. Sum of data in those entries is 2:
WARNING:Inference:Model is < 0 where data is not masked.
WARNING:Inference:Number of affected entries is 1058. Sum of data in those entries is 2:
WARNING:Inference:Model is < 0 where data is not masked.
WARNING:Inference:Number of affected entries is 3016. Sum of data in those entries is 132:
WARNING:Inference:Model is < 0 where data is not masked.
WARNING:Inference:Number of affected entries is 3209. Sum of data in those entries is 240:
WARNING:Inference:Model is < 0 where data is not masked.
WARNING:Inference:Number of affected entries is 3432. Sum of data in those entries is 171:
WARNING:Inference:Model is < 0 where data is not masked.
WARNING:Inference:Number of affected entries is 1385. Sum of data in those entries is 1:
WARNING:Inference:Model is < 0 where data is not masked.
WARNING:Inference:Number of affected entries is 1530. Sum of data in those entries is 2:
WARNING:Inference:Model is < 0 where data is not masked.
WARNING:Inference:Number of affected entries is 1052. Sum of data in those entries is 2:
WARNING:Inference:Model is < 0 where data is not masked.
WARNING:Inference:Number of affected entries is 1432. Sum of data in those entries is 2:
WARNING:Inference:Model is < 0 where data is not masked.
WARNING:Inference:Number of affected entries is 1383. Sum of data in those entries is 1:
WARNING:Inference:Model is < 0 where data is not masked.
WARNING:Inference:Number of affected entries is 1055. Sum of data in those entries is 2:
WARNING:Inference:Model is < 0 where data is not masked.
WARNING:Inference:Number of affected entries is 3364. Sum of data in those entries is 277:
WARNING:Inference:Model is < 0 where data is not masked.
WARNING:Inference:Number of affected entries is 1476. Sum of data in those entries is 1:
WARNING:Inference:Model is < 0 where data is not masked.
WARNING:Inference:Number of affected entries is 3381. Sum of data in those entries is 164:
WARNING:Inference:Model is < 0 where data is not masked.
WARNING:Inference:Number of affected entries is 3076. Sum of data in those entries is 146:
WARNING:Inference:Model is < 0 where data is not masked.
WARNING:Inference:Number of affected entries is 1053. Sum of data in those entries is 2:
WARNING:Inference:Model is < 0 where data is not masked.
WARNING:Inference:Number of affected entries is 1386. Sum of data in those entries is 1:
WARNING:Inference:Model is < 0 where data is not masked.
WARNING:Inference:Number of affected entries is 1332. Sum of data in those entries is 1:
WARNING:Inference:Model is < 0 where data is not masked.
WARNING:Inference:Number of affected entries is 1507. Sum of data in those entries is 2:
WARNING:Inference:Model is < 0 where data is not masked.
WARNING:Inference:Number of affected entries is 1404. Sum of data in those entries is 1:
WARNING:Inference:Model is < 0 where data is not masked.
WARNING:Inference:Number of affected entries is 1054. Sum of data in those entries is 2:
WARNING:Inference:Model is < 0 where data is not masked.
WARNING:Inference:Number of affected entries is 3219. Sum of data in those entries is 237:
WARNING:Inference:Model is < 0 where data is not masked.
WARNING:Inference:Number of affected entries is 3398. Sum of data in those entries is 167:
WARNING:Inference:Model is < 0 where data is not masked.
WARNING:Inference:Number of affected entries is 1383. Sum of data in those entries is 1:
WARNING:Inference:Model is < 0 where data is not masked.
WARNING:Inference:Number of affected entries is 1484. Sum of data in those entries is 1:
WARNING:Inference:Model is < 0 where data is not masked.
WARNING:Inference:Number of affected entries is 1047. Sum of data in those entries is 1:
WARNING:Inference:Model is < 0 where data is not masked.
WARNING:Inference:Number of affected entries is 1508. Sum of data in those entries is 2:
WARNING:Inference:Model is < 0 where data is not masked.
WARNING:Inference:Number of affected entries is 1541. Sum of data in those entries is 2:
WARNING:Inference:Model is < 0 where data is not masked.
WARNING:Inference:Number of affected entries is 1383. Sum of data in those entries is 1:
WARNING:Inference:Model is < 0 where data is not masked.
WARNING:Inference:Number of affected entries is 2994. Sum of data in those entries is 127:
WARNING:Inference:Model is < 0 where data is not masked.
WARNING:Inference:Number of affected entries is 2991. Sum of data in those entries is 181:
WARNING:Inference:Model is < 0 where data is not masked.
WARNING:Inference:Number of affected entries is 1049. Sum of data in those entries is 2:
WARNING:Inference:Model is < 0 where data is not masked.
WARNING:Inference:Number of affected entries is 1342. Sum of data in those entries is 1:
WARNING:Inference:Model is < 0 where data is not masked.
WARNING:Inference:Number of affected entries is 3490. Sum of data in those entries is 176:
WARNING:Inference:Model is < 0 where data is not masked.
WARNING:Inference:Number of affected entries is 1512. Sum of data in those entries is 2:
WARNING:Inference:Model is < 0 where data is not masked.
WARNING:Inference:Number of affected entries is 1508. Sum of data in those entries is 1:
WARNING:Inference:Model is < 0 where data is not masked.
WARNING:Inference:Number of affected entries is 1380. Sum of data in those entries is 1:
WARNING:Inference:Model is < 0 where data is not masked.
WARNING:Inference:Number of affected entries is 1044. Sum of data in those entries is 1:
WARNING:Inference:Model is < 0 where data is not masked.
WARNING:Inference:Number of affected entries is 1525. Sum of data in those entries is 2:
WARNING:Inference:Model is < 0 where data is not masked.
WARNING:Inference:Number of affected entries is 1420. Sum of data in those entries is 1:
WARNING:Inference:Model is < 0 where data is not masked.
WARNING:Inference:Number of affected entries is 3250. Sum of data in those entries is 257:
WARNING:Inference:Model is < 0 where data is not masked.
WARNING:Inference:Number of affected entries is 1378. Sum of data in those entries is 1:
WARNING:Inference:Model is < 0 where data is not masked.
WARNING:Inference:Number of affected entries is 3248. Sum of data in those entries is 132:
WARNING:Inference:Model is < 0 where data is not masked.
WARNING:Inference:Number of affected entries is 1051. Sum of data in those entries is 2:
WARNING:Inference:Model is < 0 where data is not masked.
WARNING:Inference:Number of affected entries is 3226. Sum of data in those entries is 187:
WARNING:Inference:Model is < 0 where data is not masked.
WARNING:Inference:Number of affected entries is 1562. Sum of data in those entries is 1:
WARNING:Inference:Model is < 0 where data is not masked.
WARNING:Inference:Number of affected entries is 1049. Sum of data in those entries is 1:
WARNING:Inference:Model is < 0 where data is not masked.
WARNING:Inference:Number of affected entries is 1367. Sum of data in those entries is 1:
WARNING:Inference:Model is < 0 where data is not masked.
WARNING:Inference:Number of affected entries is 1534. Sum of data in those entries is 2:
WARNING:Inference:Model is < 0 where data is not masked.
WARNING:Inference:Number of affected entries is 3117. Sum of data in those entries is 217:
WARNING:Inference:Model is < 0 where data is not masked.
WARNING:Inference:Number of affected entries is 3407. Sum of data in those entries is 167:
WARNING:Inference:Model is < 0 where data is not masked.
WARNING:Inference:Number of affected entries is 1051. Sum of data in those entries is 1:
WARNING:Inference:Model is < 0 where data is not masked.
WARNING:Inference:Number of affected entries is 1567. Sum of data in those entries is 1:
WARNING:Inference:Model is < 0 where data is not masked.
WARNING:Inference:Number of affected entries is 1371. Sum of data in those entries is 1:
WARNING:Inference:Model is < 0 where data is not masked.
WARNING:Inference:Number of affected entries is 1483. Sum of data in those entries is 2:
WARNING:Inference:Model is < 0 where data is not masked.
WARNING:Inference:Number of affected entries is 1477. Sum of data in those entries is 2:
WARNING:Inference:Model is < 0 where data is not masked.
WARNING:Inference:Number of affected entries is 3134. Sum of data in those entries is 157:
WARNING:Inference:Model is < 0 where data is not masked.
WARNING:Inference:Number of affected entries is 1052. Sum of data in those entries is 2:
WARNING:Inference:Model is < 0 where data is not masked.
WARNING:Inference:Number of affected entries is 2098. Sum of data in those entries is 42:
WARNING:Inference:Model is < 0 where data is not masked.
WARNING:Inference:Number of affected entries is 1356. Sum of data in those entries is 1:
WARNING:Inference:Model is < 0 where data is not masked.
WARNING:Inference:Number of affected entries is 3138. Sum of data in those entries is 220:
WARNING:Inference:Model is < 0 where data is not masked.
WARNING:Inference:Number of affected entries is 3346. Sum of data in those entries is 159:
WARNING:Inference:Model is < 0 where data is not masked.
WARNING:Inference:Number of affected entries is 1403. Sum of data in those entries is 1:
WARNING:Inference:Model is < 0 where data is not masked.
WARNING:Inference:Number of affected entries is 1587. Sum of data in those entries is 1:
WARNING:Inference:Model is < 0 where data is not masked.
WARNING:Inference:Number of affected entries is 1052. Sum of data in those entries is 2:
WARNING:Inference:Model is < 0 where data is not masked.
WARNING:Inference:Number of affected entries is 1368. Sum of data in those entries is 1:
WARNING:Inference:Model is < 0 where data is not masked.
WARNING:Inference:Number of affected entries is 1520. Sum of data in those entries is 2:
WARNING:Inference:Model is < 0 where data is not masked.
WARNING:Inference:Number of affected entries is 1052. Sum of data in those entries is 2:
WARNING:Inference:Model is < 0 where data is not masked.
WARNING:Inference:Number of affected entries is 1519. Sum of data in those entries is 2:
WARNING:Inference:Model is < 0 where data is not masked.
WARNING:Inference:Number of affected entries is 2873. Sum of data in those entries is 147:
WARNING:Inference:Model is < 0 where data is not masked.
WARNING:Inference:Number of affected entries is 3213. Sum of data in those entries is 111:
WARNING:Inference:Model is < 0 where data is not masked.
WARNING:Inference:Number of affected entries is 3259. Sum of data in those entries is 194:
WARNING:Inference:Model is < 0 where data is not masked.
WARNING:Inference:Number of affected entries is 1641. Sum of data in those entries is 1:
WARNING:Inference:Model is < 0 where data is not masked.
WARNING:Inference:Number of affected entries is 1365. Sum of data in those entries is 1:
WARNING:Inference:Model is < 0 where data is not masked.
WARNING:Inference:Number of affected entries is 1051. Sum of data in those entries is 2:
WARNING:Inference:Model is < 0 where data is not masked.
WARNING:Inference:Number of affected entries is 1524. Sum of data in those entries is 2:
WARNING:Inference:Model is < 0 where data is not masked.
WARNING:Inference:Number of affected entries is 1495. Sum of data in those entries is 2:
WARNING:Inference:Model is < 0 where data is not masked.
WARNING:Inference:Number of affected entries is 1052. Sum of data in those entries is 2:
WARNING:Inference:Model is < 0 where data is not masked.
WARNING:Inference:Number of affected entries is 1363. Sum of data in those entries is 1:
WARNING:Inference:Model is < 0 where data is not masked.
WARNING:Inference:Number of affected entries is 2963. Sum of data in those entries is 185:
WARNING:Inference:Model is < 0 where data is not masked.
WARNING:Inference:Number of affected entries is 3435. Sum of data in those entries is 176:
WARNING:Inference:Model is < 0 where data is not masked.
WARNING:Inference:Number of affected entries is 1464. Sum of data in those entries is 2:
WARNING:Inference:Model is < 0 where data is not masked.
WARNING:Inference:Number of affected entries is 1050. Sum of data in those entries is 2:
WARNING:Inference:Model is < 0 where data is not masked.
WARNING:Inference:Number of affected entries is 1370. Sum of data in those entries is 1:
WARNING:Inference:Model is < 0 where data is not masked.
WARNING:Inference:Number of affected entries is 3200. Sum of data in those entries is 175:
Feb 15 16:45:16.978243 43539 slurmstepd   0x2b3dfc80e700: error: *** JOB 6512424 ON r5u09n1 CANCELLED AT 2023-02-15T16:45:16 DUE TO TIME LIMIT ***
