Lmod has detected the following error: The following module(s) are unknown:
"gcc"

Please check the spelling or version number. Also try "module spider ..."
It is also possible your cache file is out-of-date; it may help to try:
  $ module --ignore-cache load "gcc"

Also make sure that all modulefiles written in TCL start with the string
#%Module



WARNING:Inference:Model is < 0 where data is not masked.
WARNING:Inference:Number of affected entries is 3588. Sum of data in those entries is 427:
WARNING:Inference:Model is < 0 where data is not masked.
WARNING:Inference:Number of affected entries is 2847. Sum of data in those entries is 165:
WARNING:Inference:Model is < 0 where data is not masked.
WARNING:Inference:Number of affected entries is 3013. Sum of data in those entries is 247:
WARNING:Inference:Model is < 0 where data is not masked.
WARNING:Inference:Number of affected entries is 4516. Sum of data in those entries is 1281:
WARNING:Inference:Model is < 0 where data is not masked.
WARNING:Inference:Number of affected entries is 2507. Sum of data in those entries is 23:
WARNING:Inference:Model is < 0 where data is not masked.
WARNING:Inference:Number of affected entries is 1937. Sum of data in those entries is 5:
WARNING:Inference:Model is < 0 where data is not masked.
WARNING:Inference:Number of affected entries is 4374. Sum of data in those entries is 824:
WARNING:Inference:Model is < 0 where data is not masked.
WARNING:Inference:Number of affected entries is 4471. Sum of data in those entries is 1285:
WARNING:Inference:Model is < 0 where data is not masked.
WARNING:Inference:Number of affected entries is 4382. Sum of data in those entries is 731:
WARNING:Inference:Model is < 0 where data is not masked.
WARNING:Inference:Number of affected entries is 4597. Sum of data in those entries is 2700:
WARNING:Inference:Model is < 0 where data is not masked.
WARNING:Inference:Number of affected entries is 1602. Sum of data in those entries is 1:
WARNING:Inference:Model is < 0 where data is not masked.
WARNING:Inference:Number of affected entries is 1679. Sum of data in those entries is 9:
WARNING:Inference:Model is < 0 where data is not masked.
WARNING:Inference:Number of affected entries is 4585. Sum of data in those entries is 2235:
WARNING:Inference:Model is < 0 where data is not masked.
WARNING:Inference:Number of affected entries is 3747. Sum of data in those entries is 556:
WARNING:Inference:Model is < 0 where data is not masked.
WARNING:Inference:Number of affected entries is 2604. Sum of data in those entries is 89:
WARNING:Inference:Model is < 0 where data is not masked.
WARNING:Inference:Number of affected entries is 1561. Sum of data in those entries is 1:
WARNING:Inference:Model is < 0 where data is not masked.
WARNING:Inference:Number of affected entries is 3181. Sum of data in those entries is 193:
WARNING:Inference:Model is < 0 where data is not masked.
WARNING:Inference:Number of affected entries is 1545. Sum of data in those entries is 1:
WARNING:Inference:Model is < 0 where data is not masked.
WARNING:Inference:Number of affected entries is 4086. Sum of data in those entries is 718:
WARNING:Inference:Model is < 0 where data is not masked.
WARNING:Inference:Number of affected entries is 4535. Sum of data in those entries is 2547:
Feb 14 16:36:36.39728  47482 slurmstepd   0x2acd90201700: error: *** JOB 6512204 ON r6u09n2 CANCELLED AT 2023-02-14T16:36:36 ***
