Lmod has detected the following error: The following module(s) are unknown:
"gcc"

Please check the spelling or version number. Also try "module spider ..."
It is also possible your cache file is out-of-date; it may help to try:
  $ module --ignore-cache load "gcc"

Also make sure that all modulefiles written in TCL start with the string
#%Module



WARNING:Inference:Model is < 0 where data is not masked.
WARNING:Inference:Number of affected entries is 3305. Sum of data in those entries is 350:
WARNING:Inference:Model is < 0 where data is not masked.
WARNING:Inference:Number of affected entries is 1703. Sum of data in those entries is 1:
WARNING:Inference:Model is < 0 where data is not masked.
WARNING:Inference:Number of affected entries is 3719. Sum of data in those entries is 467:
WARNING:Inference:Model is < 0 where data is not masked.
WARNING:Inference:Number of affected entries is 3381. Sum of data in those entries is 372:
WARNING:Inference:Model is < 0 where data is not masked.
WARNING:Inference:Number of affected entries is 1464. Sum of data in those entries is 1:
WARNING:Inference:Model is < 0 where data is not masked.
WARNING:Inference:Number of affected entries is 1630. Sum of data in those entries is 1:
WARNING:Inference:Model is < 0 where data is not masked.
WARNING:Inference:Number of affected entries is 3754. Sum of data in those entries is 481:
WARNING:Inference:Model is < 0 where data is not masked.
WARNING:Inference:Number of affected entries is 1397. Sum of data in those entries is 1:
WARNING:Inference:Model is < 0 where data is not masked.
WARNING:Inference:Number of affected entries is 4125. Sum of data in those entries is 664:
WARNING:Inference:Model is < 0 where data is not masked.
WARNING:Inference:Number of affected entries is 2369. Sum of data in those entries is 24:
WARNING:Inference:Model is < 0 where data is not masked.
WARNING:Inference:Number of affected entries is 3517. Sum of data in those entries is 410:
WARNING:Inference:Model is < 0 where data is not masked.
WARNING:Inference:Number of affected entries is 2051. Sum of data in those entries is 10:
WARNING:Inference:Model is < 0 where data is not masked.
WARNING:Inference:Number of affected entries is 3591. Sum of data in those entries is 437:
WARNING:Inference:Model is < 0 where data is not masked.
WARNING:Inference:Number of affected entries is 1442. Sum of data in those entries is 1:
WARNING:Inference:Model is < 0 where data is not masked.
WARNING:Inference:Number of affected entries is 1428. Sum of data in those entries is 4:
WARNING:Inference:Model is < 0 where data is not masked.
WARNING:Inference:Number of affected entries is 3466. Sum of data in those entries is 392:
WARNING:Inference:Model is < 0 where data is not masked.
WARNING:Inference:Number of affected entries is 1447. Sum of data in those entries is 3:
WARNING:Inference:Model is < 0 where data is not masked.
WARNING:Inference:Number of affected entries is 3334. Sum of data in those entries is 361:
WARNING:Inference:Model is < 0 where data is not masked.
WARNING:Inference:Number of affected entries is 1455. Sum of data in those entries is 4:
WARNING:Inference:Model is < 0 where data is not masked.
WARNING:Inference:Number of affected entries is 1723. Sum of data in those entries is 11:
WARNING:Inference:Model is < 0 where data is not masked.
WARNING:Inference:Number of affected entries is 4026. Sum of data in those entries is 638:
WARNING:Inference:Model is < 0 where data is not masked.
WARNING:Inference:Number of affected entries is 3342. Sum of data in those entries is 364:
WARNING:Inference:Model is < 0 where data is not masked.
WARNING:Inference:Number of affected entries is 3275. Sum of data in those entries is 347:
WARNING:Inference:Model is < 0 where data is not masked.
WARNING:Inference:Number of affected entries is 3184. Sum of data in those entries is 328:
WARNING:Inference:Model is < 0 where data is not masked.
WARNING:Inference:Number of affected entries is 4537. Sum of data in those entries is 1495:
WARNING:Inference:Model is < 0 where data is not masked.
WARNING:Inference:Number of affected entries is 3230. Sum of data in those entries is 326:
WARNING:Inference:Model is < 0 where data is not masked.
WARNING:Inference:Number of affected entries is 3109. Sum of data in those entries is 240:
WARNING:Inference:Model is < 0 where data is not masked.
WARNING:Inference:Number of affected entries is 2119. Sum of data in those entries is 27:
WARNING:Inference:Model is < 0 where data is not masked.
WARNING:Inference:Number of affected entries is 2448. Sum of data in those entries is 62:
WARNING:Inference:Model is < 0 where data is not masked.
WARNING:Inference:Number of affected entries is 1709. Sum of data in those entries is 6:
WARNING:Inference:Model is < 0 where data is not masked.
WARNING:Inference:Number of affected entries is 3545. Sum of data in those entries is 421:
WARNING:Inference:Model is < 0 where data is not masked.
WARNING:Inference:Number of affected entries is 3383. Sum of data in those entries is 411:
WARNING:Inference:Model is < 0 where data is not masked.
WARNING:Inference:Number of affected entries is 3277. Sum of data in those entries is 343:
WARNING:Inference:Model is < 0 where data is not masked.
WARNING:Inference:Number of affected entries is 2562. Sum of data in those entries is 89:
WARNING:Inference:Model is < 0 where data is not masked.
WARNING:Inference:Number of affected entries is 3269. Sum of data in those entries is 341:
WARNING:Inference:Model is < 0 where data is not masked.
WARNING:Inference:Number of affected entries is 3329. Sum of data in those entries is 355:
WARNING:Inference:Model is < 0 where data is not masked.
WARNING:Inference:Number of affected entries is 3549. Sum of data in those entries is 423:
WARNING:Inference:Model is < 0 where data is not masked.
WARNING:Inference:Number of affected entries is 3401. Sum of data in those entries is 363:
WARNING:Inference:Model is < 0 where data is not masked.
WARNING:Inference:Number of affected entries is 1822. Sum of data in those entries is 3:
WARNING:Inference:Model is < 0 where data is not masked.
WARNING:Inference:Number of affected entries is 1545. Sum of data in those entries is 1:
WARNING:Inference:Model is < 0 where data is not masked.
WARNING:Inference:Number of affected entries is 1902. Sum of data in those entries is 8:
WARNING:Inference:Model is < 0 where data is not masked.
WARNING:Inference:Number of affected entries is 1615. Sum of data in those entries is 2:
WARNING:Inference:Model is < 0 where data is not masked.
WARNING:Inference:Number of affected entries is 2128. Sum of data in those entries is 15:
WARNING:Inference:Model is < 0 where data is not masked.
WARNING:Inference:Number of affected entries is 2294. Sum of data in those entries is 24:
WARNING:Inference:Model is < 0 where data is not masked.
WARNING:Inference:Number of affected entries is 2344. Sum of data in those entries is 29:
WARNING:Inference:Model is < 0 where data is not masked.
WARNING:Inference:Number of affected entries is 2167. Sum of data in those entries is 16:
WARNING:Inference:Model is < 0 where data is not masked.
WARNING:Inference:Number of affected entries is 2439. Sum of data in those entries is 37:
WARNING:Inference:Model is < 0 where data is not masked.
WARNING:Inference:Number of affected entries is 2562. Sum of data in those entries is 53:
WARNING:Inference:Model is < 0 where data is not masked.
WARNING:Inference:Number of affected entries is 2935. Sum of data in those entries is 177:
WARNING:Inference:Model is < 0 where data is not masked.
WARNING:Inference:Number of affected entries is 3360. Sum of data in those entries is 337:
WARNING:Inference:Model is < 0 where data is not masked.
WARNING:Inference:Number of affected entries is 3517. Sum of data in those entries is 390:
WARNING:Inference:Model is < 0 where data is not masked.
WARNING:Inference:Number of affected entries is 3659. Sum of data in those entries is 446:
WARNING:Inference:Model is < 0 where data is not masked.
WARNING:Inference:Number of affected entries is 3281. Sum of data in those entries is 305:
WARNING:Inference:Model is < 0 where data is not masked.
WARNING:Inference:Number of affected entries is 3412. Sum of data in those entries is 364:
WARNING:Inference:Model is < 0 where data is not masked.
WARNING:Inference:Number of affected entries is 3149. Sum of data in those entries is 259:
WARNING:Inference:Model is < 0 where data is not masked.
WARNING:Inference:Number of affected entries is 3402. Sum of data in those entries is 360:
WARNING:Inference:Model is < 0 where data is not masked.
WARNING:Inference:Number of affected entries is 3288. Sum of data in those entries is 319:
WARNING:Inference:Model is < 0 where data is not masked.
WARNING:Inference:Number of affected entries is 3147. Sum of data in those entries is 264:
WARNING:Inference:Model is < 0 where data is not masked.
WARNING:Inference:Number of affected entries is 2978. Sum of data in those entries is 205:
WARNING:Inference:Model is < 0 where data is not masked.
WARNING:Inference:Number of affected entries is 3317. Sum of data in those entries is 324:
WARNING:Inference:Model is < 0 where data is not masked.
WARNING:Inference:Number of affected entries is 3171. Sum of data in those entries is 286:
WARNING:Inference:Model is < 0 where data is not masked.
WARNING:Inference:Number of affected entries is 2972. Sum of data in those entries is 216:
WARNING:Inference:Model is < 0 where data is not masked.
WARNING:Inference:Number of affected entries is 3258. Sum of data in those entries is 304:
WARNING:Inference:Model is < 0 where data is not masked.
WARNING:Inference:Number of affected entries is 3124. Sum of data in those entries is 269:
WARNING:Inference:Model is < 0 where data is not masked.
WARNING:Inference:Number of affected entries is 3327. Sum of data in those entries is 349:
WARNING:Inference:Model is < 0 where data is not masked.
WARNING:Inference:Number of affected entries is 3258. Sum of data in those entries is 321:
WARNING:Inference:Model is < 0 where data is not masked.
WARNING:Inference:Number of affected entries is 3198. Sum of data in those entries is 298:
WARNING:Inference:Model is < 0 where data is not masked.
WARNING:Inference:Number of affected entries is 3229. Sum of data in those entries is 302:
WARNING:Inference:Model is < 0 where data is not masked.
WARNING:Inference:Number of affected entries is 3349. Sum of data in those entries is 355:
WARNING:Inference:Model is < 0 where data is not masked.
WARNING:Inference:Number of affected entries is 3188. Sum of data in those entries is 296:
WARNING:Inference:Model is < 0 where data is not masked.
WARNING:Inference:Number of affected entries is 3229. Sum of data in those entries is 306:
WARNING:Inference:Model is < 0 where data is not masked.
WARNING:Inference:Number of affected entries is 3184. Sum of data in those entries is 275:
WARNING:Inference:Model is < 0 where data is not masked.
WARNING:Inference:Number of affected entries is 3059. Sum of data in those entries is 243:
WARNING:Inference:Model is < 0 where data is not masked.
WARNING:Inference:Number of affected entries is 3131. Sum of data in those entries is 271:
WARNING:Inference:Model is < 0 where data is not masked.
WARNING:Inference:Number of affected entries is 3351. Sum of data in those entries is 355:
WARNING:Inference:Model is < 0 where data is not masked.
WARNING:Inference:Number of affected entries is 3204. Sum of data in those entries is 307:
WARNING:Inference:Model is < 0 where data is not masked.
WARNING:Inference:Number of affected entries is 3359. Sum of data in those entries is 356:
WARNING:Inference:Model is < 0 where data is not masked.
WARNING:Inference:Number of affected entries is 3057. Sum of data in those entries is 245:
WARNING:Inference:Model is < 0 where data is not masked.
WARNING:Inference:Number of affected entries is 3347. Sum of data in those entries is 356:
WARNING:Inference:Model is < 0 where data is not masked.
WARNING:Inference:Number of affected entries is 3070. Sum of data in those entries is 258:
WARNING:Inference:Model is < 0 where data is not masked.
WARNING:Inference:Number of affected entries is 2922. Sum of data in those entries is 191:
WARNING:Inference:Model is < 0 where data is not masked.
WARNING:Inference:Number of affected entries is 3284. Sum of data in those entries is 331:
WARNING:Inference:Model is < 0 where data is not masked.
WARNING:Inference:Number of affected entries is 3078. Sum of data in those entries is 251:
WARNING:Inference:Model is < 0 where data is not masked.
WARNING:Inference:Number of affected entries is 3158. Sum of data in those entries is 285:
WARNING:Inference:Model is < 0 where data is not masked.
WARNING:Inference:Number of affected entries is 3363. Sum of data in those entries is 360:
WARNING:Inference:Model is < 0 where data is not masked.
WARNING:Inference:Number of affected entries is 3142. Sum of data in those entries is 269:
WARNING:Inference:Model is < 0 where data is not masked.
WARNING:Inference:Number of affected entries is 3339. Sum of data in those entries is 348:
Feb 15 16:46:47.10783  71156 slurmstepd   0x2ae83ae76700: error: *** JOB 6512445 ON r5u03n1 CANCELLED AT 2023-02-15T16:46:47 DUE TO TIME LIMIT ***
