Lmod has detected the following error: The following module(s) are unknown:
"gcc"

Please check the spelling or version number. Also try "module spider ..."
It is also possible your cache file is out-of-date; it may help to try:
  $ module --ignore-cache load "gcc"

Also make sure that all modulefiles written in TCL start with the string
#%Module



WARNING:Inference:Model is < 0 where data is not masked.
WARNING:Inference:Number of affected entries is 68. Sum of data in those entries is 1:
WARNING:Inference:Model is < 0 where data is not masked.
WARNING:Inference:Number of affected entries is 189. Sum of data in those entries is 3:
WARNING:Inference:Model is < 0 where data is not masked.
WARNING:Inference:Number of affected entries is 152. Sum of data in those entries is 1:
WARNING:Inference:Model is < 0 where data is not masked.
WARNING:Inference:Number of affected entries is 66. Sum of data in those entries is 1:
WARNING:Inference:Model is < 0 where data is not masked.
WARNING:Inference:Number of affected entries is 27. Sum of data in those entries is 1:
WARNING:Inference:Model is < 0 where data is not masked.
WARNING:Inference:Number of affected entries is 116. Sum of data in those entries is 1:
WARNING:Inference:Model is < 0 where data is not masked.
WARNING:Inference:Number of affected entries is 73. Sum of data in those entries is 1:
WARNING:Inference:Model is < 0 where data is not masked.
WARNING:Inference:Number of affected entries is 255. Sum of data in those entries is 5:
WARNING:Inference:Model is < 0 where data is not masked.
WARNING:Inference:Number of affected entries is 212. Sum of data in those entries is 1:
WARNING:Inference:Model is < 0 where data is not masked.
WARNING:Inference:Number of affected entries is 106. Sum of data in those entries is 2:
WARNING:Inference:Model is < 0 where data is not masked.
WARNING:Inference:Number of affected entries is 270. Sum of data in those entries is 3:
WARNING:Inference:Model is < 0 where data is not masked.
WARNING:Inference:Number of affected entries is 76. Sum of data in those entries is 1:
WARNING:Inference:Model is < 0 where data is not masked.
WARNING:Inference:Number of affected entries is 68. Sum of data in those entries is 1:
WARNING:Inference:Model is < 0 where data is not masked.
WARNING:Inference:Number of affected entries is 189. Sum of data in those entries is 3:
WARNING:Inference:Model is < 0 where data is not masked.
WARNING:Inference:Number of affected entries is 148. Sum of data in those entries is 1:
WARNING:Inference:Model is < 0 where data is not masked.
WARNING:Inference:Number of affected entries is 66. Sum of data in those entries is 1:
WARNING:Inference:Model is < 0 where data is not masked.
WARNING:Inference:Number of affected entries is 263. Sum of data in those entries is 7:
WARNING:Inference:Model is < 0 where data is not masked.
WARNING:Inference:Number of affected entries is 84. Sum of data in those entries is 1:
WARNING:Inference:Model is < 0 where data is not masked.
WARNING:Inference:Number of affected entries is 66. Sum of data in those entries is 1:
WARNING:Inference:Model is < 0 where data is not masked.
WARNING:Inference:Number of affected entries is 105. Sum of data in those entries is 1:
WARNING:Inference:Model is < 0 where data is not masked.
WARNING:Inference:Number of affected entries is 213. Sum of data in those entries is 4:
WARNING:Inference:Model is < 0 where data is not masked.
WARNING:Inference:Number of affected entries is 189. Sum of data in those entries is 1:
WARNING:Inference:Model is < 0 where data is not masked.
WARNING:Inference:Number of affected entries is 73. Sum of data in those entries is 1:
WARNING:Inference:Model is < 0 where data is not masked.
WARNING:Inference:Number of affected entries is 59. Sum of data in those entries is 2:
WARNING:Inference:Model is < 0 where data is not masked.
WARNING:Inference:Number of affected entries is 122. Sum of data in those entries is 1:
WARNING:Inference:Model is < 0 where data is not masked.
WARNING:Inference:Number of affected entries is 186. Sum of data in those entries is 3:
WARNING:Inference:Model is < 0 where data is not masked.
WARNING:Inference:Number of affected entries is 305. Sum of data in those entries is 4:
WARNING:Inference:Model is < 0 where data is not masked.
WARNING:Inference:Number of affected entries is 142. Sum of data in those entries is 1:
WARNING:Inference:Model is < 0 where data is not masked.
WARNING:Inference:Number of affected entries is 261. Sum of data in those entries is 5:
WARNING:Inference:Model is < 0 where data is not masked.
WARNING:Inference:Number of affected entries is 270. Sum of data in those entries is 1:
WARNING:Inference:Model is < 0 where data is not masked.
WARNING:Inference:Number of affected entries is 107. Sum of data in those entries is 2:
WARNING:Inference:Model is < 0 where data is not masked.
WARNING:Inference:Number of affected entries is 61. Sum of data in those entries is 1:
WARNING:Inference:Model is < 0 where data is not masked.
WARNING:Inference:Number of affected entries is 72. Sum of data in those entries is 1:
WARNING:Inference:Model is < 0 where data is not masked.
WARNING:Inference:Number of affected entries is 38. Sum of data in those entries is 1:
WARNING:Inference:Model is < 0 where data is not masked.
WARNING:Inference:Number of affected entries is 189. Sum of data in those entries is 3:
WARNING:Inference:Model is < 0 where data is not masked.
WARNING:Inference:Number of affected entries is 150. Sum of data in those entries is 1:
WARNING:Inference:Model is < 0 where data is not masked.
WARNING:Inference:Number of affected entries is 72. Sum of data in those entries is 1:
WARNING:Inference:Model is < 0 where data is not masked.
WARNING:Inference:Number of affected entries is 92. Sum of data in those entries is 1:
WARNING:Inference:Model is < 0 where data is not masked.
WARNING:Inference:Number of affected entries is 304. Sum of data in those entries is 11:
WARNING:Inference:Model is < 0 where data is not masked.
WARNING:Inference:Number of affected entries is 217. Sum of data in those entries is 5:
WARNING:Inference:Model is < 0 where data is not masked.
WARNING:Inference:Number of affected entries is 156. Sum of data in those entries is 1:
WARNING:Inference:Model is < 0 where data is not masked.
WARNING:Inference:Number of affected entries is 100. Sum of data in those entries is 2:
WARNING:Inference:Model is < 0 where data is not masked.
WARNING:Inference:Number of affected entries is 269. Sum of data in those entries is 3:
WARNING:Inference:Model is < 0 where data is not masked.
WARNING:Inference:Number of affected entries is 73. Sum of data in those entries is 1:
WARNING:Inference:Model is < 0 where data is not masked.
WARNING:Inference:Number of affected entries is 84. Sum of data in those entries is 1:
WARNING:Inference:Model is < 0 where data is not masked.
WARNING:Inference:Number of affected entries is 189. Sum of data in those entries is 3:
WARNING:Inference:Model is < 0 where data is not masked.
WARNING:Inference:Number of affected entries is 31. Sum of data in those entries is 1:
WARNING:Inference:Model is < 0 where data is not masked.
WARNING:Inference:Number of affected entries is 70. Sum of data in those entries is 1:
WARNING:Inference:Model is < 0 where data is not masked.
WARNING:Inference:Number of affected entries is 122. Sum of data in those entries is 1:
WARNING:Inference:Model is < 0 where data is not masked.
WARNING:Inference:Number of affected entries is 191. Sum of data in those entries is 3:
WARNING:Inference:Model is < 0 where data is not masked.
WARNING:Inference:Number of affected entries is 150. Sum of data in those entries is 1:
WARNING:Inference:Model is < 0 where data is not masked.
WARNING:Inference:Number of affected entries is 170. Sum of data in those entries is 3:
WARNING:Inference:Model is < 0 where data is not masked.
WARNING:Inference:Number of affected entries is 70. Sum of data in those entries is 1:
WARNING:Inference:Model is < 0 where data is not masked.
WARNING:Inference:Number of affected entries is 66. Sum of data in those entries is 1:
WARNING:Inference:Model is < 0 where data is not masked.
WARNING:Inference:Number of affected entries is 152. Sum of data in those entries is 1:
WARNING:Inference:Model is < 0 where data is not masked.
WARNING:Inference:Number of affected entries is 312. Sum of data in those entries is 3:
WARNING:Inference:Model is < 0 where data is not masked.
WARNING:Inference:Number of affected entries is 77. Sum of data in those entries is 1:
WARNING:Inference:Model is < 0 where data is not masked.
WARNING:Inference:Number of affected entries is 83. Sum of data in those entries is 1:
WARNING:Inference:Model is < 0 where data is not masked.
WARNING:Inference:Number of affected entries is 262. Sum of data in those entries is 7:
WARNING:Inference:Model is < 0 where data is not masked.
WARNING:Inference:Number of affected entries is 218. Sum of data in those entries is 3:
WARNING:Inference:Model is < 0 where data is not masked.
WARNING:Inference:Number of affected entries is 190. Sum of data in those entries is 1:
WARNING:Inference:Model is < 0 where data is not masked.
WARNING:Inference:Number of affected entries is 68. Sum of data in those entries is 1:
WARNING:Inference:Model is < 0 where data is not masked.
WARNING:Inference:Number of affected entries is 66. Sum of data in those entries is 1:
WARNING:Inference:Model is < 0 where data is not masked.
WARNING:Inference:Number of affected entries is 189. Sum of data in those entries is 3:
WARNING:Inference:Model is < 0 where data is not masked.
WARNING:Inference:Number of affected entries is 152. Sum of data in those entries is 1:
WARNING:Inference:Model is < 0 where data is not masked.
WARNING:Inference:Number of affected entries is 68. Sum of data in those entries is 1:
WARNING:Inference:Model is < 0 where data is not masked.
WARNING:Inference:Number of affected entries is 69. Sum of data in those entries is 1:
WARNING:Inference:Model is < 0 where data is not masked.
WARNING:Inference:Number of affected entries is 243. Sum of data in those entries is 3:
WARNING:Inference:Model is < 0 where data is not masked.
WARNING:Inference:Number of affected entries is 62. Sum of data in those entries is 1:
WARNING:Inference:Model is < 0 where data is not masked.
WARNING:Inference:Number of affected entries is 189. Sum of data in those entries is 3:
WARNING:Inference:Model is < 0 where data is not masked.
WARNING:Inference:Number of affected entries is 152. Sum of data in those entries is 1:
WARNING:Inference:Model is < 0 where data is not masked.
WARNING:Inference:Number of affected entries is 405. Sum of data in those entries is 3:
WARNING:Inference:Model is < 0 where data is not masked.
WARNING:Inference:Number of affected entries is 165. Sum of data in those entries is 1:
WARNING:Inference:Model is < 0 where data is not masked.
WARNING:Inference:Number of affected entries is 70. Sum of data in those entries is 1:
WARNING:Inference:Model is < 0 where data is not masked.
WARNING:Inference:Number of affected entries is 96. Sum of data in those entries is 1:
WARNING:Inference:Model is < 0 where data is not masked.
WARNING:Inference:Number of affected entries is 114. Sum of data in those entries is 1:
WARNING:Inference:Model is < 0 where data is not masked.
WARNING:Inference:Number of affected entries is 47. Sum of data in those entries is 1:
WARNING:Inference:Model is < 0 where data is not masked.
WARNING:Inference:Number of affected entries is 296. Sum of data in those entries is 8:
WARNING:Inference:Model is < 0 where data is not masked.
WARNING:Inference:Number of affected entries is 66. Sum of data in those entries is 1:
WARNING:Inference:Model is < 0 where data is not masked.
WARNING:Inference:Number of affected entries is 262. Sum of data in those entries is 3:
WARNING:Inference:Model is < 0 where data is not masked.
WARNING:Inference:Number of affected entries is 68. Sum of data in those entries is 1:
WARNING:Inference:Model is < 0 where data is not masked.
WARNING:Inference:Number of affected entries is 58. Sum of data in those entries is 1:
WARNING:Inference:Model is < 0 where data is not masked.
WARNING:Inference:Number of affected entries is 155. Sum of data in those entries is 1:
WARNING:Inference:Model is < 0 where data is not masked.
WARNING:Inference:Number of affected entries is 61. Sum of data in those entries is 1:
WARNING:Inference:Model is < 0 where data is not masked.
WARNING:Inference:Number of affected entries is 68. Sum of data in those entries is 1:
WARNING:Inference:Model is < 0 where data is not masked.
WARNING:Inference:Number of affected entries is 35. Sum of data in those entries is 1:
WARNING:Inference:Model is < 0 where data is not masked.
WARNING:Inference:Number of affected entries is 187. Sum of data in those entries is 3:
WARNING:Inference:Model is < 0 where data is not masked.
WARNING:Inference:Number of affected entries is 151. Sum of data in those entries is 1:
WARNING:Inference:Model is < 0 where data is not masked.
WARNING:Inference:Number of affected entries is 225. Sum of data in those entries is 3:
WARNING:Inference:Model is < 0 where data is not masked.
WARNING:Inference:Number of affected entries is 67. Sum of data in those entries is 1:
WARNING:Inference:Model is < 0 where data is not masked.
WARNING:Inference:Number of affected entries is 68. Sum of data in those entries is 1:
WARNING:Inference:Model is < 0 where data is not masked.
WARNING:Inference:Number of affected entries is 282. Sum of data in those entries is 3:
WARNING:Inference:Model is < 0 where data is not masked.
WARNING:Inference:Number of affected entries is 372. Sum of data in those entries is 9:
WARNING:Inference:Model is < 0 where data is not masked.
WARNING:Inference:Number of affected entries is 82. Sum of data in those entries is 1:
WARNING:Inference:Model is < 0 where data is not masked.
WARNING:Inference:Number of affected entries is 50. Sum of data in those entries is 1:
WARNING:Inference:Model is < 0 where data is not masked.
WARNING:Inference:Number of affected entries is 189. Sum of data in those entries is 3:
WARNING:Inference:Model is < 0 where data is not masked.
WARNING:Inference:Number of affected entries is 153. Sum of data in those entries is 1:
WARNING:Inference:Model is < 0 where data is not masked.
WARNING:Inference:Number of affected entries is 94. Sum of data in those entries is 1:
WARNING:Inference:Model is < 0 where data is not masked.
WARNING:Inference:Number of affected entries is 66. Sum of data in those entries is 1:
WARNING:Inference:Model is < 0 where data is not masked.
WARNING:Inference:Number of affected entries is 72. Sum of data in those entries is 1:
WARNING:Inference:Model is < 0 where data is not masked.
WARNING:Inference:Number of affected entries is 245. Sum of data in those entries is 3:
WARNING:Inference:Model is < 0 where data is not masked.
WARNING:Inference:Number of affected entries is 147. Sum of data in those entries is 1:
WARNING:Inference:Model is < 0 where data is not masked.
WARNING:Inference:Number of affected entries is 77. Sum of data in those entries is 1:
WARNING:Inference:Model is < 0 where data is not masked.
WARNING:Inference:Number of affected entries is 79. Sum of data in those entries is 1:
WARNING:Inference:Model is < 0 where data is not masked.
WARNING:Inference:Number of affected entries is 262. Sum of data in those entries is 7:
WARNING:Inference:Model is < 0 where data is not masked.
WARNING:Inference:Number of affected entries is 65. Sum of data in those entries is 1:
Feb 14 16:36:36.282550 70607 slurmstepd   0x2aaf39dbb700: error: *** JOB 6512199 ON r3u06n1 CANCELLED AT 2023-02-14T16:36:36 ***
