Lmod has detected the following error: The following module(s) are unknown:
"gcc"

Please check the spelling or version number. Also try "module spider ..."
It is also possible your cache file is out-of-date; it may help to try:
  $ module --ignore-cache load "gcc"

Also make sure that all modulefiles written in TCL start with the string
#%Module



WARNING:Inference:Model is < 0 where data is not masked.
WARNING:Inference:Number of affected entries is 211. Sum of data in those entries is 5:
WARNING:Inference:Model is < 0 where data is not masked.
WARNING:Inference:Number of affected entries is 133. Sum of data in those entries is 6:
WARNING:Inference:Model is < 0 where data is not masked.
WARNING:Inference:Number of affected entries is 259. Sum of data in those entries is 5:
WARNING:Inference:Model is < 0 where data is not masked.
WARNING:Inference:Number of affected entries is 135. Sum of data in those entries is 2:
WARNING:Inference:Model is < 0 where data is not masked.
WARNING:Inference:Number of affected entries is 188. Sum of data in those entries is 8:
WARNING:Inference:Model is < 0 where data is not masked.
WARNING:Inference:Number of affected entries is 109. Sum of data in those entries is 1:
WARNING:Inference:Model is < 0 where data is not masked.
WARNING:Inference:Number of affected entries is 179. Sum of data in those entries is 5:
WARNING:Inference:Model is < 0 where data is not masked.
WARNING:Inference:Number of affected entries is 121. Sum of data in those entries is 1:
WARNING:Inference:Model is < 0 where data is not masked.
WARNING:Inference:Number of affected entries is 59. Sum of data in those entries is 1:
WARNING:Inference:Model is < 0 where data is not masked.
WARNING:Inference:Number of affected entries is 154. Sum of data in those entries is 4:
WARNING:Inference:Model is < 0 where data is not masked.
WARNING:Inference:Number of affected entries is 142. Sum of data in those entries is 1:
Feb 15 16:45:46.347936  1479 slurmstepd   0x2b761bf46700: error: *** JOB 6512432 ON r6u02n2 CANCELLED AT 2023-02-15T16:45:46 DUE TO TIME LIMIT ***
