Tue Feb 14 17:25:50 MST 2023
running fs 29
No convergence
No convergence
No convergence
No convergence
No convergence
No convergence
No convergence
No convergence
No convergence
No convergence
No convergence
No convergence
No convergence
No convergence
No convergence
No convergence
No convergence
No convergence
No convergence
No convergence
No convergence
No convergence
No convergence
No convergence
No convergence
No convergence
No convergence
No convergence
No convergence
No convergence
No convergence
No convergence
No convergence
No convergence
No convergence
No convergence
No convergence
No convergence
No convergence
No convergence
No convergence
No convergence
No convergence
No convergence
No convergence
No convergence
No convergence
No convergence
No convergence
No convergence
No convergence
No convergence
No convergence
No convergence
No convergence
No convergence
No convergence
No convergence
No convergence
No convergence
No convergence
No convergence
No convergence
No convergence
No convergence
No convergence
No convergence
No convergence
No convergence
No convergence
No convergence
No convergence
No convergence
No convergence
No convergence
No convergence
Converged
WARNING: The converged parameters are close to the boundaries
Detailed performance metrics for this job will be available at https://metrics.hpc.arizona.edu/#job_viewer?action=show&realm=SUPREMM&resource_id=73&local_job_id=6512409 by 8am on 2023/02/16.
